<?xml version="1.0" encoding="UTF-8"?>
<testng-results ignored="0" total="1" passed="1" failed="0" skipped="0">
  <reporter-output>
  </reporter-output>
  <suite started-at="2023-06-15T16:00:39 IST" name="Default suite" finished-at="2023-06-15T16:00:42 IST" duration-ms="3298">
    <groups>
    </groups>
    <test started-at="2023-06-15T16:00:39 IST" name="Default test" finished-at="2023-06-15T16:00:42 IST" duration-ms="3298">
      <class name="RestAssured.APITesting.POST_API.PatApp_request">
        <test-method signature="postTest()[pri:0, instance:RestAssured.APITesting.POST_API.PatApp_request@223aa2f7]" started-at="2023-06-15T16:00:39 IST" name="postTest" finished-at="2023-06-15T16:00:42 IST" duration-ms="3265" status="PASS">
          <reporter-output>
          </reporter-output>
        </test-method> <!-- postTest -->
      </class> <!-- RestAssured.APITesting.POST_API.PatApp_request -->
    </test> <!-- Default test -->
  </suite> <!-- Default suite -->
</testng-results>
