<?xml version="1.0" encoding="UTF-8"?>
<testsuite xmlns:xsi="http://www.w3.org/2001/XMLSchema-instance" xsi:noNamespaceSchemaLocation="https://maven.apache.org/surefire/maven-surefire-plugin/xsd/surefire-test-report.xsd" name="TestSuite" time="2.142" tests="3" errors="0" skipped="0" failures="0">
  <properties>
[...]
</properties>
  <testcase name="demoTest" classname="RestAssured.APITesting.DemoTest" time="1.571"/>
  <testcase name="shouldAnswerWithTrue on shouldAnswerWithTrue(AppTest)" classname="AppTest" time="0.001"/>
  <testcase name="shouldAnswerWithTrue on shouldAnswerWithTrue(RestAssured.APITesting.AppTest)" classname="RestAssured.APITesting.AppTest" time="0"/>
</testsuite>