<?xml version="1.0" encoding="UTF-8"?>
<!-- Generated by org.testng.reporters.JUnitXMLReporter -->
<testsuite ignored="0" hostname="LAPTOP-6RFNLL7D" failures="0" tests="2" name="Surefire test" time="0.048" errors="0" timestamp="2023-05-09T18:20:43 IST">
  <testcase classname="AppTest" name="shouldAnswerWithTrue on shouldAnswerWithTrue(AppTest)" time="0.011"/>
  <testcase classname="RestAssured.APITesting.AppTest" name="shouldAnswerWithTrue on shouldAnswerWithTrue(RestAssured.APITesting.AppTest)" time="0.001"/>
</testsuite> <!-- Surefire test -->
