<?xml version="1.0" encoding="UTF-8"?>
<testng-results ignored="0" total="2" passed="2" failed="0" skipped="0">
  <reporter-output>
  </reporter-output>
  <suite started-at="2023-05-09T18:20:43 IST" name="Surefire suite" finished-at="2023-05-09T18:20:43 IST" duration-ms="48">
    <groups>
    </groups>
    <test started-at="2023-05-09T18:20:43 IST" name="Surefire test" finished-at="2023-05-09T18:20:43 IST" duration-ms="48">
      <class name="RestAssured.APITesting.AppTest">
        <test-method signature="shouldAnswerWithTrue()" started-at="2023-05-09T18:20:43 IST" name="shouldAnswerWithTrue" finished-at="2023-05-09T18:20:43 IST" duration-ms="1" status="PASS">
          <reporter-output>
          </reporter-output>
        </test-method> <!-- shouldAnswerWithTrue -->
      </class> <!-- RestAssured.APITesting.AppTest -->
      <class name="AppTest">
        <test-method signature="shouldAnswerWithTrue()" started-at="2023-05-09T18:20:43 IST" name="shouldAnswerWithTrue" finished-at="2023-05-09T18:20:43 IST" duration-ms="11" status="PASS">
          <reporter-output>
          </reporter-output>
        </test-method> <!-- shouldAnswerWithTrue -->
      </class> <!-- AppTest -->
    </test> <!-- Surefire test -->
  </suite> <!-- Surefire suite -->
</testng-results>
