<?xml version="1.0" encoding="UTF-8"?>
<testng-results ignored="0" total="1" passed="1" failed="0" skipped="0">
  <reporter-output>
  </reporter-output>
  <suite started-at="2023-05-09T18:20:41 IST" name="Surefire suite" finished-at="2023-05-09T18:20:43 IST" duration-ms="1617">
    <groups>
    </groups>
    <test started-at="2023-05-09T18:20:41 IST" name="Surefire test" finished-at="2023-05-09T18:20:43 IST" duration-ms="1617">
      <class name="RestAssured.APITesting.DemoTest">
        <test-method signature="demoTest()[pri:0, instance:RestAssured.APITesting.DemoTest@3c3d9b6b]" started-at="2023-05-09T18:20:41 IST" name="demoTest" finished-at="2023-05-09T18:20:43 IST" duration-ms="1570" status="PASS">
          <reporter-output>
          </reporter-output>
        </test-method> <!-- demoTest -->
      </class> <!-- RestAssured.APITesting.DemoTest -->
    </test> <!-- Surefire test -->
  </suite> <!-- Surefire suite -->
</testng-results>
