<?xml version="1.0" encoding="UTF-8"?>
<robot generator="Robot 6.0.2 (Python 3.10.8 on win32)" generated="20230816 13:14:10.390" rpa="false" schemaversion="3">
<suite id="s1" name="Registration" source="E:\User2\tn\TNREGDEMO\Tests\Registration.robot">
<test id="s1-t1" name="Access the Home page" line="15">
<kw name="Begin Test" library="Common">
<kw name="Open Browser" library="SeleniumLibrary">
<arg>about:blank</arg>
<arg>${BROWSER}</arg>
<arg>options=add_argument("--ignore-certificate-errors")</arg>
<doc>Opens a new browser instance to the optional ``url``.</doc>
<msg timestamp="20230816 13:14:10.776" level="INFO">Opening browser 'chrome' to base url 'about:blank'.</msg>
<status status="PASS" starttime="20230816 13:14:10.776" endtime="20230816 13:14:12.097"/>
</kw>
<kw name="Maximize Browser Window" library="SeleniumLibrary">
<doc>Maximizes current browser window.</doc>
<status status="PASS" starttime="20230816 13:14:12.097" endtime="20230816 13:14:12.231"/>
</kw>
<status status="PASS" starttime="20230816 13:14:10.776" endtime="20230816 13:14:12.231"/>
</kw>
<kw name="Goto landingpage" library="Registration_App">
<kw name="Goto page" library="LandingPage">
<kw name="Go To" library="SeleniumLibrary">
<arg>${URL}</arg>
<doc>Navigates the current browser window to the provided ``url``.</doc>
<msg timestamp="20230816 13:14:12.235" level="INFO">Opening url 'https://tnreginet.gov.in/portal/'</msg>
<status status="PASS" starttime="20230816 13:14:12.235" endtime="20230816 13:14:13.986"/>
</kw>
<kw name="Click Link" library="SeleniumLibrary">
<arg>xpath=//*[@id="fontSelection"]</arg>
<doc>Clicks a link identified by ``locator``.</doc>
<msg timestamp="20230816 13:14:13.987" level="INFO">Clicking link 'xpath=//*[@id="fontSelection"]'.</msg>
<status status="PASS" starttime="20230816 13:14:13.986" endtime="20230816 13:14:14.487"/>
</kw>
<status status="PASS" starttime="20230816 13:14:12.234" endtime="20230816 13:14:14.487"/>
</kw>
<kw name="verify page loaded" library="LandingPage">
<kw name="Wait Until Page Contains Element" library="SeleniumLibrary">
<arg>${LANDINGPAGE_VERIFY_ELEMENT}</arg>
<doc>Waits until the element ``locator`` appears on the current page.</doc>
<status status="PASS" starttime="20230816 13:14:14.487" endtime="20230816 13:14:14.538"/>
</kw>
<kw name="Log To Console" library="BuiltIn">
<arg>Landing page verified successfully</arg>
<doc>Logs the given message to the console.</doc>
<status status="PASS" starttime="20230816 13:14:14.538" endtime="20230816 13:14:14.539"/>
</kw>
<status status="PASS" starttime="20230816 13:14:14.487" endtime="20230816 13:14:14.539"/>
</kw>
<status status="PASS" starttime="20230816 13:14:12.233" endtime="20230816 13:14:14.539"/>
</kw>
<doc>Test1</doc>
<tag>smoke</tag>
<status status="PASS" starttime="20230816 13:14:10.775" endtime="20230816 13:14:14.540"/>
</test>
<test id="s1-t2" name="Access E-services Page" line="21">
<kw name="Goto Eservices page" library="Registration_App">
<kw name="Select eservicespage" library="TopNav">
<kw name="Click Element" library="SeleniumLibrary">
<arg>xpath=//*[@id="8500009"]/a</arg>
<doc>Click the element identified by ``locator``.</doc>
<msg timestamp="20230816 13:14:14.543" level="INFO">Clicking element 'xpath=//*[@id="8500009"]/a'.</msg>
<status status="PASS" starttime="20230816 13:14:14.543" endtime="20230816 13:14:14.652"/>
</kw>
<kw name="Sleep" library="BuiltIn">
<arg>3s</arg>
<doc>Pauses the test executed for the given time.</doc>
<msg timestamp="20230816 13:14:17.659" level="INFO">Slept 3 seconds</msg>
<status status="PASS" starttime="20230816 13:14:14.652" endtime="20230816 13:14:17.659"/>
</kw>
<kw name="Click Element" library="SeleniumLibrary">
<arg>xpath=//*[@id="8400001"]/a</arg>
<doc>Click the element identified by ``locator``.</doc>
<msg timestamp="20230816 13:14:17.660" level="INFO">Clicking element 'xpath=//*[@id="8400001"]/a'.</msg>
<status status="PASS" starttime="20230816 13:14:17.659" endtime="20230816 13:14:17.707"/>
</kw>
<kw name="Sleep" library="BuiltIn">
<arg>3s</arg>
<doc>Pauses the test executed for the given time.</doc>
<msg timestamp="20230816 13:14:20.710" level="INFO">Slept 3 seconds</msg>
<status status="PASS" starttime="20230816 13:14:17.707" endtime="20230816 13:14:20.710"/>
</kw>
<kw name="Click Element" library="SeleniumLibrary">
<arg>xpath=//*[@id="8400010"]/a</arg>
<doc>Click the element identified by ``locator``.</doc>
<msg timestamp="20230816 13:14:20.711" level="INFO">Clicking element 'xpath=//*[@id="8400010"]/a'.</msg>
<status status="PASS" starttime="20230816 13:14:20.710" endtime="20230816 13:14:20.765"/>
</kw>
<kw name="Sleep" library="BuiltIn">
<arg>3s</arg>
<doc>Pauses the test executed for the given time.</doc>
<msg timestamp="20230816 13:14:23.774" level="INFO">Slept 3 seconds</msg>
<status status="PASS" starttime="20230816 13:14:20.765" endtime="20230816 13:14:23.774"/>
</kw>
<status status="PASS" starttime="20230816 13:14:14.542" endtime="20230816 13:14:23.775"/>
</kw>
<kw name="verify page loaded" library="EservicesPage">
<kw name="Wait Until Page Contains Element" library="SeleniumLibrary">
<arg>${eservicesPage_verification}</arg>
<doc>Waits until the element ``locator`` appears on the current page.</doc>
<status status="PASS" starttime="20230816 13:14:23.776" endtime="20230816 13:14:23.797"/>
</kw>
<kw name="Sleep" library="BuiltIn">
<arg>3s</arg>
<doc>Pauses the test executed for the given time.</doc>
<msg timestamp="20230816 13:14:26.808" level="INFO">Slept 3 seconds</msg>
<status status="PASS" starttime="20230816 13:14:23.797" endtime="20230816 13:14:26.808"/>
</kw>
<status status="PASS" starttime="20230816 13:14:23.775" endtime="20230816 13:14:26.808"/>
</kw>
<kw name="validation" library="EservicesPage">
<kw name="Element Text Should Be" library="SeleniumLibrary">
<arg>${eservicesPage_verification}</arg>
<arg>Search Encumbrance Certificate</arg>
<doc>Verifies that element ``locator`` contains exact the text ``expected``.</doc>
<msg timestamp="20230816 13:14:26.810" level="INFO">Verifying element 'css=#EncumbranceCertificateForm &gt; div.container &gt; div &gt; h2' contains exact text 'Search Encumbrance Certificate'.</msg>
<status status="PASS" starttime="20230816 13:14:26.809" endtime="20230816 13:14:26.845"/>
</kw>
<kw name="Log To Console" library="BuiltIn">
<arg>Eservices page verified successfully</arg>
<doc>Logs the given message to the console.</doc>
<status status="PASS" starttime="20230816 13:14:26.845" endtime="20230816 13:14:26.846"/>
</kw>
<status status="PASS" starttime="20230816 13:14:26.808" endtime="20230816 13:14:26.846"/>
</kw>
<status status="PASS" starttime="20230816 13:14:14.541" endtime="20230816 13:14:26.847"/>
</kw>
<doc>Test2</doc>
<tag>smoke</tag>
<status status="PASS" starttime="20230816 13:14:14.541" endtime="20230816 13:14:26.847"/>
</test>
<test id="s1-t3" name="Autofill Eservices Page" line="27">
<kw name="Fill Eservices Page" library="Registration_App">
<kw name="Select Zone" library="EservicesPage">
<kw name="Select From List By Label" library="SeleniumLibrary">
<arg>id=cmb_Zone</arg>
<arg>Chennai</arg>
<doc>Selects options from selection list ``locator`` by ``labels``.</doc>
<msg timestamp="20230816 13:14:26.850" level="INFO">Selecting options from selection list 'id=cmb_Zone' by label Chennai.</msg>
<status status="PASS" starttime="20230816 13:14:26.850" endtime="20230816 13:14:27.003"/>
</kw>
<status status="PASS" starttime="20230816 13:14:26.850" endtime="20230816 13:14:27.004"/>
</kw>
<kw name="Select District" library="EservicesPage">
<kw name="Select From List By Label" library="SeleniumLibrary">
<arg>name=cmb_District</arg>
<arg>Thiruvalur</arg>
<doc>Selects options from selection list ``locator`` by ``labels``.</doc>
<msg timestamp="20230816 13:14:27.005" level="INFO">Selecting options from selection list 'name=cmb_District' by label Thiruvalur.</msg>
<status status="PASS" starttime="20230816 13:14:27.004" endtime="20230816 13:14:27.198"/>
</kw>
<status status="PASS" starttime="20230816 13:14:27.004" endtime="20230816 13:14:27.199"/>
</kw>
<kw name="Select SubRegistrarOffice" library="EservicesPage">
<kw name="Select From List By Label" library="SeleniumLibrary">
<arg>name=cmb_SroName</arg>
<arg>Tiruvallur Joint 1</arg>
<doc>Selects options from selection list ``locator`` by ``labels``.</doc>
<msg timestamp="20230816 13:14:27.200" level="INFO">Selecting options from selection list 'name=cmb_SroName' by label Tiruvallur Joint 1.</msg>
<status status="PASS" starttime="20230816 13:14:27.199" endtime="20230816 13:14:27.394"/>
</kw>
<status status="PASS" starttime="20230816 13:14:27.199" endtime="20230816 13:14:27.395"/>
</kw>
<kw name="Select EC Details" library="EservicesPage">
<kw name="Load Json From File" library="JSONLibrary">
<var>${json_obj}</var>
<arg>Resources/JSON/50.json</arg>
<doc>Load JSON from file.</doc>
<msg timestamp="20230816 13:14:27.557" level="INFO">${json_obj} = {'EC': {'startdate': '01Feb2021', 'enddate': '17Feb2021'}, 'Survey Details': [{'Village': 'Sirukalattur', 'Surveynumber': 1, 'Subdivisionnum': ''}, {'Village': 'Sirukalattur', 'Surveynumber': 2, 'Subd...</msg>
<status status="PASS" starttime="20230816 13:14:27.396" endtime="20230816 13:14:27.558"/>
</kw>
<kw name="Click Element" library="SeleniumLibrary">
<arg>xpath=//*[@id="txt_PeriodStartDt"]</arg>
<doc>Click the element identified by ``locator``.</doc>
<msg timestamp="20230816 13:14:27.559" level="INFO">Clicking element 'xpath=//*[@id="txt_PeriodStartDt"]'.</msg>
<status status="PASS" starttime="20230816 13:14:27.558" endtime="20230816 13:14:27.673"/>
</kw>
<kw name="Get Value From Json" library="JSONLibrary">
<var>${ecstartdate}</var>
<arg>${json_obj}</arg>
<arg>$.EC.startdate</arg>
<doc>Get Value From JSON using JSONPath</doc>
<msg timestamp="20230816 13:14:27.740" level="INFO">${ecstartdate} = ['01Feb2021']</msg>
<status status="PASS" starttime="20230816 13:14:27.673" endtime="20230816 13:14:27.740"/>
</kw>
<kw name="Input Text" library="SeleniumLibrary">
<arg>id=txt_PeriodStartDt</arg>
<arg>${ecstartdate}</arg>
<doc>Types the given ``text`` into the text field identified by ``locator``.</doc>
<msg timestamp="20230816 13:14:27.741" level="INFO">Typing text '['01Feb2021']' into text field 'id=txt_PeriodStartDt'.</msg>
<status status="PASS" starttime="20230816 13:14:27.740" endtime="20230816 13:14:27.858"/>
</kw>
<kw name="Click Element" library="SeleniumLibrary">
<arg>xpath=//*[@id="txt_PeriodEndDt"]</arg>
<doc>Click the element identified by ``locator``.</doc>
<msg timestamp="20230816 13:14:27.859" level="INFO">Clicking element 'xpath=//*[@id="txt_PeriodEndDt"]'.</msg>
<status status="PASS" starttime="20230816 13:14:27.859" endtime="20230816 13:14:27.948"/>
</kw>
<kw name="Get Value From Json" library="JSONLibrary">
<var>${ecenddate}</var>
<arg>${json_obj}</arg>
<arg>$.EC.enddate</arg>
<doc>Get Value From JSON using JSONPath</doc>
<msg timestamp="20230816 13:14:27.977" level="INFO">${ecenddate} = ['17Feb2021']</msg>
<status status="PASS" starttime="20230816 13:14:27.948" endtime="20230816 13:14:27.977"/>
</kw>
<kw name="Input Text" library="SeleniumLibrary">
<arg>id=txt_PeriodEndDt</arg>
<arg>${ecenddate}</arg>
<doc>Types the given ``text`` into the text field identified by ``locator``.</doc>
<msg timestamp="20230816 13:14:27.978" level="INFO">Typing text '['17Feb2021']' into text field 'id=txt_PeriodEndDt'.</msg>
<status status="PASS" starttime="20230816 13:14:27.977" endtime="20230816 13:14:28.109"/>
</kw>
<status status="PASS" starttime="20230816 13:14:27.395" endtime="20230816 13:14:28.110"/>
</kw>
<kw name="Select Survey Details" library="EservicesPage">
<kw name="Load Json From File" library="JSONLibrary">
<var>&amp;{json_obj}</var>
<arg>Resources/JSON/dump.json</arg>
<doc>Load JSON from file.</doc>
<msg timestamp="20230816 13:14:28.279" level="INFO">&amp;{json_obj} = { EC={'startdate': '01Feb2021', 'enddate': '17Feb2021'} | Survey Details=[{'Village': 'Sirukalattur', 'Surveynumber': 1, 'Subdivisionnum': ''}, {'Village': 'Sirukalattur', 'Surveynumber': 2, 'Subdivis...</msg>
<status status="PASS" starttime="20230816 13:14:28.110" endtime="20230816 13:14:28.279"/>
</kw>
<for flavor="IN">
<var>${robot}</var>
<value>@{json_obj["Survey Details"]}</value>
<iter>
<var name="${robot}">{'Village': 'Sirukalattur', 'Surveynumber': 1, 'Subdivisionnum': ''}</var>
<kw name="Select From List By Label" library="SeleniumLibrary">
<arg>name=cmb_Village</arg>
<arg>${robot["Village"]}</arg>
<doc>Selects options from selection list ``locator`` by ``labels``.</doc>
<msg timestamp="20230816 13:14:28.282" level="INFO">Selecting options from selection list 'name=cmb_Village' by label Sirukalattur.</msg>
<status status="PASS" starttime="20230816 13:14:28.281" endtime="20230816 13:14:28.419"/>
</kw>
<kw name="Input Text" library="SeleniumLibrary">
<arg>id=txt_SurveyNo</arg>
<arg>${robot["Surveynumber"]}</arg>
<doc>Types the given ``text`` into the text field identified by ``locator``.</doc>
<msg timestamp="20230816 13:14:28.421" level="INFO">Typing text '1' into text field 'id=txt_SurveyNo'.</msg>
<status status="PASS" starttime="20230816 13:14:28.420" endtime="20230816 13:14:28.551"/>
</kw>
<kw name="Input Text" library="SeleniumLibrary">
<arg>id=txt_SubDivisionNo</arg>
<arg>${robot["Subdivisionnum"]}</arg>
<doc>Types the given ``text`` into the text field identified by ``locator``.</doc>
<msg timestamp="20230816 13:14:28.552" level="INFO">Typing text '' into text field 'id=txt_SubDivisionNo'.</msg>
<status status="PASS" starttime="20230816 13:14:28.551" endtime="20230816 13:14:28.666"/>
</kw>
<kw name="Click Element" library="SeleniumLibrary">
<arg>xpath=//*[@id="btn_AddSurvey"]</arg>
<doc>Click the element identified by ``locator``.</doc>
<msg timestamp="20230816 13:14:28.666" level="INFO">Clicking element 'xpath=//*[@id="btn_AddSurvey"]'.</msg>
<status status="PASS" starttime="20230816 13:14:28.666" endtime="20230816 13:14:28.767"/>
</kw>
<status status="PASS" starttime="20230816 13:14:28.280" endtime="20230816 13:14:28.767"/>
</iter>
<iter>
<var name="${robot}">{'Village': 'Sirukalattur', 'Surveynumber': 2, 'Subdivisionnum': ''}</var>
<kw name="Select From List By Label" library="SeleniumLibrary">
<arg>name=cmb_Village</arg>
<arg>${robot["Village"]}</arg>
<doc>Selects options from selection list ``locator`` by ``labels``.</doc>
<msg timestamp="20230816 13:14:28.770" level="INFO">Selecting options from selection list 'name=cmb_Village' by label Sirukalattur.</msg>
<status status="PASS" starttime="20230816 13:14:28.767" endtime="20230816 13:14:29.018"/>
</kw>
<kw name="Input Text" library="SeleniumLibrary">
<arg>id=txt_SurveyNo</arg>
<arg>${robot["Surveynumber"]}</arg>
<doc>Types the given ``text`` into the text field identified by ``locator``.</doc>
<msg timestamp="20230816 13:14:29.021" level="INFO">Typing text '2' into text field 'id=txt_SurveyNo'.</msg>
<status status="PASS" starttime="20230816 13:14:29.019" endtime="20230816 13:14:29.166"/>
</kw>
<kw name="Input Text" library="SeleniumLibrary">
<arg>id=txt_SubDivisionNo</arg>
<arg>${robot["Subdivisionnum"]}</arg>
<doc>Types the given ``text`` into the text field identified by ``locator``.</doc>
<msg timestamp="20230816 13:14:29.167" level="INFO">Typing text '' into text field 'id=txt_SubDivisionNo'.</msg>
<status status="PASS" starttime="20230816 13:14:29.166" endtime="20230816 13:14:29.313"/>
</kw>
<kw name="Click Element" library="SeleniumLibrary">
<arg>xpath=//*[@id="btn_AddSurvey"]</arg>
<doc>Click the element identified by ``locator``.</doc>
<msg timestamp="20230816 13:14:29.314" level="INFO">Clicking element 'xpath=//*[@id="btn_AddSurvey"]'.</msg>
<status status="PASS" starttime="20230816 13:14:29.314" endtime="20230816 13:14:29.461"/>
</kw>
<status status="PASS" starttime="20230816 13:14:28.767" endtime="20230816 13:14:29.461"/>
</iter>
<iter>
<var name="${robot}">{'Village': 'Sirukalattur', 'Surveynumber': 3, 'Subdivisionnum': ''}</var>
<kw name="Select From List By Label" library="SeleniumLibrary">
<arg>name=cmb_Village</arg>
<arg>${robot["Village"]}</arg>
<doc>Selects options from selection list ``locator`` by ``labels``.</doc>
<msg timestamp="20230816 13:14:29.462" level="INFO">Selecting options from selection list 'name=cmb_Village' by label Sirukalattur.</msg>
<status status="PASS" starttime="20230816 13:14:29.461" endtime="20230816 13:14:29.649"/>
</kw>
<kw name="Input Text" library="SeleniumLibrary">
<arg>id=txt_SurveyNo</arg>
<arg>${robot["Surveynumber"]}</arg>
<doc>Types the given ``text`` into the text field identified by ``locator``.</doc>
<msg timestamp="20230816 13:14:29.650" level="INFO">Typing text '3' into text field 'id=txt_SurveyNo'.</msg>
<status status="PASS" starttime="20230816 13:14:29.649" endtime="20230816 13:14:29.777"/>
</kw>
<kw name="Input Text" library="SeleniumLibrary">
<arg>id=txt_SubDivisionNo</arg>
<arg>${robot["Subdivisionnum"]}</arg>
<doc>Types the given ``text`` into the text field identified by ``locator``.</doc>
<msg timestamp="20230816 13:14:29.779" level="INFO">Typing text '' into text field 'id=txt_SubDivisionNo'.</msg>
<status status="PASS" starttime="20230816 13:14:29.778" endtime="20230816 13:14:29.898"/>
</kw>
<kw name="Click Element" library="SeleniumLibrary">
<arg>xpath=//*[@id="btn_AddSurvey"]</arg>
<doc>Click the element identified by ``locator``.</doc>
<msg timestamp="20230816 13:14:29.899" level="INFO">Clicking element 'xpath=//*[@id="btn_AddSurvey"]'.</msg>
<status status="PASS" starttime="20230816 13:14:29.898" endtime="20230816 13:14:30.007"/>
</kw>
<status status="PASS" starttime="20230816 13:14:29.461" endtime="20230816 13:14:30.007"/>
</iter>
<iter>
<var name="${robot}">{'Village': 'Sirukalattur', 'Surveynumber': 4, 'Subdivisionnum': ''}</var>
<kw name="Select From List By Label" library="SeleniumLibrary">
<arg>name=cmb_Village</arg>
<arg>${robot["Village"]}</arg>
<doc>Selects options from selection list ``locator`` by ``labels``.</doc>
<msg timestamp="20230816 13:14:30.009" level="INFO">Selecting options from selection list 'name=cmb_Village' by label Sirukalattur.</msg>
<status status="PASS" starttime="20230816 13:14:30.008" endtime="20230816 13:14:30.203"/>
</kw>
<kw name="Input Text" library="SeleniumLibrary">
<arg>id=txt_SurveyNo</arg>
<arg>${robot["Surveynumber"]}</arg>
<doc>Types the given ``text`` into the text field identified by ``locator``.</doc>
<msg timestamp="20230816 13:14:30.205" level="INFO">Typing text '4' into text field 'id=txt_SurveyNo'.</msg>
<status status="PASS" starttime="20230816 13:14:30.203" endtime="20230816 13:14:30.330"/>
</kw>
<kw name="Input Text" library="SeleniumLibrary">
<arg>id=txt_SubDivisionNo</arg>
<arg>${robot["Subdivisionnum"]}</arg>
<doc>Types the given ``text`` into the text field identified by ``locator``.</doc>
<msg timestamp="20230816 13:14:30.332" level="INFO">Typing text '' into text field 'id=txt_SubDivisionNo'.</msg>
<status status="PASS" starttime="20230816 13:14:30.330" endtime="20230816 13:14:30.462"/>
</kw>
<kw name="Click Element" library="SeleniumLibrary">
<arg>xpath=//*[@id="btn_AddSurvey"]</arg>
<doc>Click the element identified by ``locator``.</doc>
<msg timestamp="20230816 13:14:30.463" level="INFO">Clicking element 'xpath=//*[@id="btn_AddSurvey"]'.</msg>
<status status="PASS" starttime="20230816 13:14:30.462" endtime="20230816 13:14:30.570"/>
</kw>
<status status="PASS" starttime="20230816 13:14:30.007" endtime="20230816 13:14:30.570"/>
</iter>
<iter>
<var name="${robot}">{'Village': 'Sirukalattur', 'Surveynumber': 5, 'Subdivisionnum': ''}</var>
<kw name="Select From List By Label" library="SeleniumLibrary">
<arg>name=cmb_Village</arg>
<arg>${robot["Village"]}</arg>
<doc>Selects options from selection list ``locator`` by ``labels``.</doc>
<msg timestamp="20230816 13:14:30.572" level="INFO">Selecting options from selection list 'name=cmb_Village' by label Sirukalattur.</msg>
<status status="PASS" starttime="20230816 13:14:30.570" endtime="20230816 13:14:30.767"/>
</kw>
<kw name="Input Text" library="SeleniumLibrary">
<arg>id=txt_SurveyNo</arg>
<arg>${robot["Surveynumber"]}</arg>
<doc>Types the given ``text`` into the text field identified by ``locator``.</doc>
<msg timestamp="20230816 13:14:30.769" level="INFO">Typing text '5' into text field 'id=txt_SurveyNo'.</msg>
<status status="PASS" starttime="20230816 13:14:30.767" endtime="20230816 13:14:30.901"/>
</kw>
<kw name="Input Text" library="SeleniumLibrary">
<arg>id=txt_SubDivisionNo</arg>
<arg>${robot["Subdivisionnum"]}</arg>
<doc>Types the given ``text`` into the text field identified by ``locator``.</doc>
<msg timestamp="20230816 13:14:30.904" level="INFO">Typing text '' into text field 'id=txt_SubDivisionNo'.</msg>
<status status="PASS" starttime="20230816 13:14:30.901" endtime="20230816 13:14:31.023"/>
</kw>
<kw name="Click Element" library="SeleniumLibrary">
<arg>xpath=//*[@id="btn_AddSurvey"]</arg>
<doc>Click the element identified by ``locator``.</doc>
<msg timestamp="20230816 13:14:31.025" level="INFO">Clicking element 'xpath=//*[@id="btn_AddSurvey"]'.</msg>
<status status="PASS" starttime="20230816 13:14:31.023" endtime="20230816 13:14:31.124"/>
</kw>
<status status="PASS" starttime="20230816 13:14:30.570" endtime="20230816 13:14:31.124"/>
</iter>
<iter>
<var name="${robot}">{'Village': 'Sirukalattur', 'Surveynumber': 6, 'Subdivisionnum': ''}</var>
<kw name="Select From List By Label" library="SeleniumLibrary">
<arg>name=cmb_Village</arg>
<arg>${robot["Village"]}</arg>
<doc>Selects options from selection list ``locator`` by ``labels``.</doc>
<msg timestamp="20230816 13:14:31.128" level="INFO">Selecting options from selection list 'name=cmb_Village' by label Sirukalattur.</msg>
<status status="PASS" starttime="20230816 13:14:31.125" endtime="20230816 13:14:31.324"/>
</kw>
<kw name="Input Text" library="SeleniumLibrary">
<arg>id=txt_SurveyNo</arg>
<arg>${robot["Surveynumber"]}</arg>
<doc>Types the given ``text`` into the text field identified by ``locator``.</doc>
<msg timestamp="20230816 13:14:31.325" level="INFO">Typing text '6' into text field 'id=txt_SurveyNo'.</msg>
<status status="PASS" starttime="20230816 13:14:31.324" endtime="20230816 13:14:31.445"/>
</kw>
<kw name="Input Text" library="SeleniumLibrary">
<arg>id=txt_SubDivisionNo</arg>
<arg>${robot["Subdivisionnum"]}</arg>
<doc>Types the given ``text`` into the text field identified by ``locator``.</doc>
<msg timestamp="20230816 13:14:31.446" level="INFO">Typing text '' into text field 'id=txt_SubDivisionNo'.</msg>
<status status="PASS" starttime="20230816 13:14:31.445" endtime="20230816 13:14:31.577"/>
</kw>
<kw name="Click Element" library="SeleniumLibrary">
<arg>xpath=//*[@id="btn_AddSurvey"]</arg>
<doc>Click the element identified by ``locator``.</doc>
<msg timestamp="20230816 13:14:31.578" level="INFO">Clicking element 'xpath=//*[@id="btn_AddSurvey"]'.</msg>
<status status="PASS" starttime="20230816 13:14:31.577" endtime="20230816 13:14:31.686"/>
</kw>
<status status="PASS" starttime="20230816 13:14:31.124" endtime="20230816 13:14:31.686"/>
</iter>
<iter>
<var name="${robot}">{'Village': 'Sirukalattur', 'Surveynumber': 7, 'Subdivisionnum': ''}</var>
<kw name="Select From List By Label" library="SeleniumLibrary">
<arg>name=cmb_Village</arg>
<arg>${robot["Village"]}</arg>
<doc>Selects options from selection list ``locator`` by ``labels``.</doc>
<msg timestamp="20230816 13:14:31.688" level="INFO">Selecting options from selection list 'name=cmb_Village' by label Sirukalattur.</msg>
<status status="PASS" starttime="20230816 13:14:31.687" endtime="20230816 13:14:31.892"/>
</kw>
<kw name="Input Text" library="SeleniumLibrary">
<arg>id=txt_SurveyNo</arg>
<arg>${robot["Surveynumber"]}</arg>
<doc>Types the given ``text`` into the text field identified by ``locator``.</doc>
<msg timestamp="20230816 13:14:31.894" level="INFO">Typing text '7' into text field 'id=txt_SurveyNo'.</msg>
<status status="PASS" starttime="20230816 13:14:31.892" endtime="20230816 13:14:32.018"/>
</kw>
<kw name="Input Text" library="SeleniumLibrary">
<arg>id=txt_SubDivisionNo</arg>
<arg>${robot["Subdivisionnum"]}</arg>
<doc>Types the given ``text`` into the text field identified by ``locator``.</doc>
<msg timestamp="20230816 13:14:32.020" level="INFO">Typing text '' into text field 'id=txt_SubDivisionNo'.</msg>
<status status="PASS" starttime="20230816 13:14:32.019" endtime="20230816 13:14:32.145"/>
</kw>
<kw name="Click Element" library="SeleniumLibrary">
<arg>xpath=//*[@id="btn_AddSurvey"]</arg>
<doc>Click the element identified by ``locator``.</doc>
<msg timestamp="20230816 13:14:32.146" level="INFO">Clicking element 'xpath=//*[@id="btn_AddSurvey"]'.</msg>
<status status="PASS" starttime="20230816 13:14:32.145" endtime="20230816 13:14:32.248"/>
</kw>
<status status="PASS" starttime="20230816 13:14:31.686" endtime="20230816 13:14:32.248"/>
</iter>
<iter>
<var name="${robot}">{'Village': 'Sirukalattur', 'Surveynumber': 8, 'Subdivisionnum': ''}</var>
<kw name="Select From List By Label" library="SeleniumLibrary">
<arg>name=cmb_Village</arg>
<arg>${robot["Village"]}</arg>
<doc>Selects options from selection list ``locator`` by ``labels``.</doc>
<msg timestamp="20230816 13:14:32.249" level="INFO">Selecting options from selection list 'name=cmb_Village' by label Sirukalattur.</msg>
<status status="PASS" starttime="20230816 13:14:32.248" endtime="20230816 13:14:32.445"/>
</kw>
<kw name="Input Text" library="SeleniumLibrary">
<arg>id=txt_SurveyNo</arg>
<arg>${robot["Surveynumber"]}</arg>
<doc>Types the given ``text`` into the text field identified by ``locator``.</doc>
<msg timestamp="20230816 13:14:32.447" level="INFO">Typing text '8' into text field 'id=txt_SurveyNo'.</msg>
<status status="PASS" starttime="20230816 13:14:32.445" endtime="20230816 13:14:32.578"/>
</kw>
<kw name="Input Text" library="SeleniumLibrary">
<arg>id=txt_SubDivisionNo</arg>
<arg>${robot["Subdivisionnum"]}</arg>
<doc>Types the given ``text`` into the text field identified by ``locator``.</doc>
<msg timestamp="20230816 13:14:32.580" level="INFO">Typing text '' into text field 'id=txt_SubDivisionNo'.</msg>
<status status="PASS" starttime="20230816 13:14:32.579" endtime="20230816 13:14:32.708"/>
</kw>
<kw name="Click Element" library="SeleniumLibrary">
<arg>xpath=//*[@id="btn_AddSurvey"]</arg>
<doc>Click the element identified by ``locator``.</doc>
<msg timestamp="20230816 13:14:32.708" level="INFO">Clicking element 'xpath=//*[@id="btn_AddSurvey"]'.</msg>
<status status="PASS" starttime="20230816 13:14:32.708" endtime="20230816 13:14:32.814"/>
</kw>
<status status="PASS" starttime="20230816 13:14:32.248" endtime="20230816 13:14:32.814"/>
</iter>
<iter>
<var name="${robot}">{'Village': 'Sirukalattur', 'Surveynumber': 9, 'Subdivisionnum': ''}</var>
<kw name="Select From List By Label" library="SeleniumLibrary">
<arg>name=cmb_Village</arg>
<arg>${robot["Village"]}</arg>
<doc>Selects options from selection list ``locator`` by ``labels``.</doc>
<msg timestamp="20230816 13:14:32.816" level="INFO">Selecting options from selection list 'name=cmb_Village' by label Sirukalattur.</msg>
<status status="PASS" starttime="20230816 13:14:32.815" endtime="20230816 13:14:33.055"/>
</kw>
<kw name="Input Text" library="SeleniumLibrary">
<arg>id=txt_SurveyNo</arg>
<arg>${robot["Surveynumber"]}</arg>
<doc>Types the given ``text`` into the text field identified by ``locator``.</doc>
<msg timestamp="20230816 13:14:33.056" level="INFO">Typing text '9' into text field 'id=txt_SurveyNo'.</msg>
<status status="PASS" starttime="20230816 13:14:33.056" endtime="20230816 13:14:33.181"/>
</kw>
<kw name="Input Text" library="SeleniumLibrary">
<arg>id=txt_SubDivisionNo</arg>
<arg>${robot["Subdivisionnum"]}</arg>
<doc>Types the given ``text`` into the text field identified by ``locator``.</doc>
<msg timestamp="20230816 13:14:33.182" level="INFO">Typing text '' into text field 'id=txt_SubDivisionNo'.</msg>
<status status="PASS" starttime="20230816 13:14:33.181" endtime="20230816 13:14:33.305"/>
</kw>
<kw name="Click Element" library="SeleniumLibrary">
<arg>xpath=//*[@id="btn_AddSurvey"]</arg>
<doc>Click the element identified by ``locator``.</doc>
<msg timestamp="20230816 13:14:33.306" level="INFO">Clicking element 'xpath=//*[@id="btn_AddSurvey"]'.</msg>
<status status="PASS" starttime="20230816 13:14:33.305" endtime="20230816 13:14:33.418"/>
</kw>
<status status="PASS" starttime="20230816 13:14:32.815" endtime="20230816 13:14:33.418"/>
</iter>
<iter>
<var name="${robot}">{'Village': 'Sirukalattur', 'Surveynumber': 10, 'Subdivisionnum': ''}</var>
<kw name="Select From List By Label" library="SeleniumLibrary">
<arg>name=cmb_Village</arg>
<arg>${robot["Village"]}</arg>
<doc>Selects options from selection list ``locator`` by ``labels``.</doc>
<msg timestamp="20230816 13:14:33.419" level="INFO">Selecting options from selection list 'name=cmb_Village' by label Sirukalattur.</msg>
<status status="PASS" starttime="20230816 13:14:33.418" endtime="20230816 13:14:33.605"/>
</kw>
<kw name="Input Text" library="SeleniumLibrary">
<arg>id=txt_SurveyNo</arg>
<arg>${robot["Surveynumber"]}</arg>
<doc>Types the given ``text`` into the text field identified by ``locator``.</doc>
<msg timestamp="20230816 13:14:33.607" level="INFO">Typing text '10' into text field 'id=txt_SurveyNo'.</msg>
<status status="PASS" starttime="20230816 13:14:33.606" endtime="20230816 13:14:33.744"/>
</kw>
<kw name="Input Text" library="SeleniumLibrary">
<arg>id=txt_SubDivisionNo</arg>
<arg>${robot["Subdivisionnum"]}</arg>
<doc>Types the given ``text`` into the text field identified by ``locator``.</doc>
<msg timestamp="20230816 13:14:33.746" level="INFO">Typing text '' into text field 'id=txt_SubDivisionNo'.</msg>
<status status="PASS" starttime="20230816 13:14:33.744" endtime="20230816 13:14:33.855"/>
</kw>
<kw name="Click Element" library="SeleniumLibrary">
<arg>xpath=//*[@id="btn_AddSurvey"]</arg>
<doc>Click the element identified by ``locator``.</doc>
<msg timestamp="20230816 13:14:33.855" level="INFO">Clicking element 'xpath=//*[@id="btn_AddSurvey"]'.</msg>
<status status="PASS" starttime="20230816 13:14:33.855" endtime="20230816 13:14:33.952"/>
</kw>
<status status="PASS" starttime="20230816 13:14:33.418" endtime="20230816 13:14:33.952"/>
</iter>
<iter>
<var name="${robot}">{'Village': 'Sirukalattur', 'Surveynumber': 11, 'Subdivisionnum': ''}</var>
<kw name="Select From List By Label" library="SeleniumLibrary">
<arg>name=cmb_Village</arg>
<arg>${robot["Village"]}</arg>
<doc>Selects options from selection list ``locator`` by ``labels``.</doc>
<msg timestamp="20230816 13:14:33.953" level="INFO">Selecting options from selection list 'name=cmb_Village' by label Sirukalattur.</msg>
<status status="PASS" starttime="20230816 13:14:33.952" endtime="20230816 13:14:34.146"/>
</kw>
<kw name="Input Text" library="SeleniumLibrary">
<arg>id=txt_SurveyNo</arg>
<arg>${robot["Surveynumber"]}</arg>
<doc>Types the given ``text`` into the text field identified by ``locator``.</doc>
<msg timestamp="20230816 13:14:34.147" level="INFO">Typing text '11' into text field 'id=txt_SurveyNo'.</msg>
<status status="PASS" starttime="20230816 13:14:34.146" endtime="20230816 13:14:34.262"/>
</kw>
<kw name="Input Text" library="SeleniumLibrary">
<arg>id=txt_SubDivisionNo</arg>
<arg>${robot["Subdivisionnum"]}</arg>
<doc>Types the given ``text`` into the text field identified by ``locator``.</doc>
<msg timestamp="20230816 13:14:34.264" level="INFO">Typing text '' into text field 'id=txt_SubDivisionNo'.</msg>
<status status="PASS" starttime="20230816 13:14:34.262" endtime="20230816 13:14:34.375"/>
</kw>
<kw name="Click Element" library="SeleniumLibrary">
<arg>xpath=//*[@id="btn_AddSurvey"]</arg>
<doc>Click the element identified by ``locator``.</doc>
<msg timestamp="20230816 13:14:34.376" level="INFO">Clicking element 'xpath=//*[@id="btn_AddSurvey"]'.</msg>
<status status="PASS" starttime="20230816 13:14:34.375" endtime="20230816 13:14:34.474"/>
</kw>
<status status="PASS" starttime="20230816 13:14:33.952" endtime="20230816 13:14:34.474"/>
</iter>
<iter>
<var name="${robot}">{'Village': 'Sirukalattur', 'Surveynumber': 12, 'Subdivisionnum': ''}</var>
<kw name="Select From List By Label" library="SeleniumLibrary">
<arg>name=cmb_Village</arg>
<arg>${robot["Village"]}</arg>
<doc>Selects options from selection list ``locator`` by ``labels``.</doc>
<msg timestamp="20230816 13:14:34.475" level="INFO">Selecting options from selection list 'name=cmb_Village' by label Sirukalattur.</msg>
<status status="PASS" starttime="20230816 13:14:34.474" endtime="20230816 13:14:34.779"/>
</kw>
<kw name="Input Text" library="SeleniumLibrary">
<arg>id=txt_SurveyNo</arg>
<arg>${robot["Surveynumber"]}</arg>
<doc>Types the given ``text`` into the text field identified by ``locator``.</doc>
<msg timestamp="20230816 13:14:34.781" level="INFO">Typing text '12' into text field 'id=txt_SurveyNo'.</msg>
<status status="PASS" starttime="20230816 13:14:34.779" endtime="20230816 13:14:34.900"/>
</kw>
<kw name="Input Text" library="SeleniumLibrary">
<arg>id=txt_SubDivisionNo</arg>
<arg>${robot["Subdivisionnum"]}</arg>
<doc>Types the given ``text`` into the text field identified by ``locator``.</doc>
<msg timestamp="20230816 13:14:34.902" level="INFO">Typing text '' into text field 'id=txt_SubDivisionNo'.</msg>
<status status="PASS" starttime="20230816 13:14:34.900" endtime="20230816 13:14:35.015"/>
</kw>
<kw name="Click Element" library="SeleniumLibrary">
<arg>xpath=//*[@id="btn_AddSurvey"]</arg>
<doc>Click the element identified by ``locator``.</doc>
<msg timestamp="20230816 13:14:35.016" level="INFO">Clicking element 'xpath=//*[@id="btn_AddSurvey"]'.</msg>
<status status="PASS" starttime="20230816 13:14:35.015" endtime="20230816 13:14:35.107"/>
</kw>
<status status="PASS" starttime="20230816 13:14:34.474" endtime="20230816 13:14:35.107"/>
</iter>
<iter>
<var name="${robot}">{'Village': 'Sirukalattur', 'Surveynumber': 13, 'Subdivisionnum': ''}</var>
<kw name="Select From List By Label" library="SeleniumLibrary">
<arg>name=cmb_Village</arg>
<arg>${robot["Village"]}</arg>
<doc>Selects options from selection list ``locator`` by ``labels``.</doc>
<msg timestamp="20230816 13:14:35.108" level="INFO">Selecting options from selection list 'name=cmb_Village' by label Sirukalattur.</msg>
<status status="PASS" starttime="20230816 13:14:35.107" endtime="20230816 13:14:35.325"/>
</kw>
<kw name="Input Text" library="SeleniumLibrary">
<arg>id=txt_SurveyNo</arg>
<arg>${robot["Surveynumber"]}</arg>
<doc>Types the given ``text`` into the text field identified by ``locator``.</doc>
<msg timestamp="20230816 13:14:35.327" level="INFO">Typing text '13' into text field 'id=txt_SurveyNo'.</msg>
<status status="PASS" starttime="20230816 13:14:35.325" endtime="20230816 13:14:35.448"/>
</kw>
<kw name="Input Text" library="SeleniumLibrary">
<arg>id=txt_SubDivisionNo</arg>
<arg>${robot["Subdivisionnum"]}</arg>
<doc>Types the given ``text`` into the text field identified by ``locator``.</doc>
<msg timestamp="20230816 13:14:35.450" level="INFO">Typing text '' into text field 'id=txt_SubDivisionNo'.</msg>
<status status="PASS" starttime="20230816 13:14:35.449" endtime="20230816 13:14:35.560"/>
</kw>
<kw name="Click Element" library="SeleniumLibrary">
<arg>xpath=//*[@id="btn_AddSurvey"]</arg>
<doc>Click the element identified by ``locator``.</doc>
<msg timestamp="20230816 13:14:35.561" level="INFO">Clicking element 'xpath=//*[@id="btn_AddSurvey"]'.</msg>
<status status="PASS" starttime="20230816 13:14:35.560" endtime="20230816 13:14:35.656"/>
</kw>
<status status="PASS" starttime="20230816 13:14:35.107" endtime="20230816 13:14:35.656"/>
</iter>
<iter>
<var name="${robot}">{'Village': 'Sirukalattur', 'Surveynumber': 14, 'Subdivisionnum': ''}</var>
<kw name="Select From List By Label" library="SeleniumLibrary">
<arg>name=cmb_Village</arg>
<arg>${robot["Village"]}</arg>
<doc>Selects options from selection list ``locator`` by ``labels``.</doc>
<msg timestamp="20230816 13:14:35.657" level="INFO">Selecting options from selection list 'name=cmb_Village' by label Sirukalattur.</msg>
<status status="PASS" starttime="20230816 13:14:35.656" endtime="20230816 13:14:36.280"/>
</kw>
<kw name="Input Text" library="SeleniumLibrary">
<arg>id=txt_SurveyNo</arg>
<arg>${robot["Surveynumber"]}</arg>
<doc>Types the given ``text`` into the text field identified by ``locator``.</doc>
<msg timestamp="20230816 13:14:36.282" level="INFO">Typing text '14' into text field 'id=txt_SurveyNo'.</msg>
<status status="PASS" starttime="20230816 13:14:36.281" endtime="20230816 13:14:36.408"/>
</kw>
<kw name="Input Text" library="SeleniumLibrary">
<arg>id=txt_SubDivisionNo</arg>
<arg>${robot["Subdivisionnum"]}</arg>
<doc>Types the given ``text`` into the text field identified by ``locator``.</doc>
<msg timestamp="20230816 13:14:36.409" level="INFO">Typing text '' into text field 'id=txt_SubDivisionNo'.</msg>
<status status="PASS" starttime="20230816 13:14:36.408" endtime="20230816 13:14:36.523"/>
</kw>
<kw name="Click Element" library="SeleniumLibrary">
<arg>xpath=//*[@id="btn_AddSurvey"]</arg>
<doc>Click the element identified by ``locator``.</doc>
<msg timestamp="20230816 13:14:36.524" level="INFO">Clicking element 'xpath=//*[@id="btn_AddSurvey"]'.</msg>
<status status="PASS" starttime="20230816 13:14:36.523" endtime="20230816 13:14:36.616"/>
</kw>
<status status="PASS" starttime="20230816 13:14:35.656" endtime="20230816 13:14:36.616"/>
</iter>
<iter>
<var name="${robot}">{'Village': 'Sirukalattur', 'Surveynumber': 15, 'Subdivisionnum': ''}</var>
<kw name="Select From List By Label" library="SeleniumLibrary">
<arg>name=cmb_Village</arg>
<arg>${robot["Village"]}</arg>
<doc>Selects options from selection list ``locator`` by ``labels``.</doc>
<msg timestamp="20230816 13:14:36.618" level="INFO">Selecting options from selection list 'name=cmb_Village' by label Sirukalattur.</msg>
<status status="PASS" starttime="20230816 13:14:36.616" endtime="20230816 13:14:37.108"/>
</kw>
<kw name="Input Text" library="SeleniumLibrary">
<arg>id=txt_SurveyNo</arg>
<arg>${robot["Surveynumber"]}</arg>
<doc>Types the given ``text`` into the text field identified by ``locator``.</doc>
<msg timestamp="20230816 13:14:37.110" level="INFO">Typing text '15' into text field 'id=txt_SurveyNo'.</msg>
<status status="PASS" starttime="20230816 13:14:37.109" endtime="20230816 13:14:37.231"/>
</kw>
<kw name="Input Text" library="SeleniumLibrary">
<arg>id=txt_SubDivisionNo</arg>
<arg>${robot["Subdivisionnum"]}</arg>
<doc>Types the given ``text`` into the text field identified by ``locator``.</doc>
<msg timestamp="20230816 13:14:37.232" level="INFO">Typing text '' into text field 'id=txt_SubDivisionNo'.</msg>
<status status="PASS" starttime="20230816 13:14:37.231" endtime="20230816 13:14:37.343"/>
</kw>
<kw name="Click Element" library="SeleniumLibrary">
<arg>xpath=//*[@id="btn_AddSurvey"]</arg>
<doc>Click the element identified by ``locator``.</doc>
<msg timestamp="20230816 13:14:37.343" level="INFO">Clicking element 'xpath=//*[@id="btn_AddSurvey"]'.</msg>
<status status="PASS" starttime="20230816 13:14:37.343" endtime="20230816 13:14:37.439"/>
</kw>
<status status="PASS" starttime="20230816 13:14:36.616" endtime="20230816 13:14:37.439"/>
</iter>
<iter>
<var name="${robot}">{'Village': 'Sirukalattur', 'Surveynumber': 16, 'Subdivisionnum': ''}</var>
<kw name="Select From List By Label" library="SeleniumLibrary">
<arg>name=cmb_Village</arg>
<arg>${robot["Village"]}</arg>
<doc>Selects options from selection list ``locator`` by ``labels``.</doc>
<msg timestamp="20230816 13:14:37.440" level="INFO">Selecting options from selection list 'name=cmb_Village' by label Sirukalattur.</msg>
<status status="PASS" starttime="20230816 13:14:37.439" endtime="20230816 13:14:37.632"/>
</kw>
<kw name="Input Text" library="SeleniumLibrary">
<arg>id=txt_SurveyNo</arg>
<arg>${robot["Surveynumber"]}</arg>
<doc>Types the given ``text`` into the text field identified by ``locator``.</doc>
<msg timestamp="20230816 13:14:37.635" level="INFO">Typing text '16' into text field 'id=txt_SurveyNo'.</msg>
<status status="PASS" starttime="20230816 13:14:37.632" endtime="20230816 13:14:37.755"/>
</kw>
<kw name="Input Text" library="SeleniumLibrary">
<arg>id=txt_SubDivisionNo</arg>
<arg>${robot["Subdivisionnum"]}</arg>
<doc>Types the given ``text`` into the text field identified by ``locator``.</doc>
<msg timestamp="20230816 13:14:37.756" level="INFO">Typing text '' into text field 'id=txt_SubDivisionNo'.</msg>
<status status="PASS" starttime="20230816 13:14:37.756" endtime="20230816 13:14:37.869"/>
</kw>
<kw name="Click Element" library="SeleniumLibrary">
<arg>xpath=//*[@id="btn_AddSurvey"]</arg>
<doc>Click the element identified by ``locator``.</doc>
<msg timestamp="20230816 13:14:37.869" level="INFO">Clicking element 'xpath=//*[@id="btn_AddSurvey"]'.</msg>
<status status="PASS" starttime="20230816 13:14:37.869" endtime="20230816 13:14:37.965"/>
</kw>
<status status="PASS" starttime="20230816 13:14:37.439" endtime="20230816 13:14:37.965"/>
</iter>
<iter>
<var name="${robot}">{'Village': 'Sirukalattur', 'Surveynumber': 17, 'Subdivisionnum': ''}</var>
<kw name="Select From List By Label" library="SeleniumLibrary">
<arg>name=cmb_Village</arg>
<arg>${robot["Village"]}</arg>
<doc>Selects options from selection list ``locator`` by ``labels``.</doc>
<msg timestamp="20230816 13:14:37.967" level="INFO">Selecting options from selection list 'name=cmb_Village' by label Sirukalattur.</msg>
<status status="PASS" starttime="20230816 13:14:37.966" endtime="20230816 13:14:38.156"/>
</kw>
<kw name="Input Text" library="SeleniumLibrary">
<arg>id=txt_SurveyNo</arg>
<arg>${robot["Surveynumber"]}</arg>
<doc>Types the given ``text`` into the text field identified by ``locator``.</doc>
<msg timestamp="20230816 13:14:38.159" level="INFO">Typing text '17' into text field 'id=txt_SurveyNo'.</msg>
<status status="PASS" starttime="20230816 13:14:38.157" endtime="20230816 13:14:38.281"/>
</kw>
<kw name="Input Text" library="SeleniumLibrary">
<arg>id=txt_SubDivisionNo</arg>
<arg>${robot["Subdivisionnum"]}</arg>
<doc>Types the given ``text`` into the text field identified by ``locator``.</doc>
<msg timestamp="20230816 13:14:38.284" level="INFO">Typing text '' into text field 'id=txt_SubDivisionNo'.</msg>
<status status="PASS" starttime="20230816 13:14:38.281" endtime="20230816 13:14:38.401"/>
</kw>
<kw name="Click Element" library="SeleniumLibrary">
<arg>xpath=//*[@id="btn_AddSurvey"]</arg>
<doc>Click the element identified by ``locator``.</doc>
<msg timestamp="20230816 13:14:38.402" level="INFO">Clicking element 'xpath=//*[@id="btn_AddSurvey"]'.</msg>
<status status="PASS" starttime="20230816 13:14:38.402" endtime="20230816 13:14:38.491"/>
</kw>
<status status="PASS" starttime="20230816 13:14:37.966" endtime="20230816 13:14:38.491"/>
</iter>
<iter>
<var name="${robot}">{'Village': 'Sirukalattur', 'Surveynumber': 18, 'Subdivisionnum': ''}</var>
<kw name="Select From List By Label" library="SeleniumLibrary">
<arg>name=cmb_Village</arg>
<arg>${robot["Village"]}</arg>
<doc>Selects options from selection list ``locator`` by ``labels``.</doc>
<msg timestamp="20230816 13:14:38.492" level="INFO">Selecting options from selection list 'name=cmb_Village' by label Sirukalattur.</msg>
<status status="PASS" starttime="20230816 13:14:38.491" endtime="20230816 13:14:38.691"/>
</kw>
<kw name="Input Text" library="SeleniumLibrary">
<arg>id=txt_SurveyNo</arg>
<arg>${robot["Surveynumber"]}</arg>
<doc>Types the given ``text`` into the text field identified by ``locator``.</doc>
<msg timestamp="20230816 13:14:38.693" level="INFO">Typing text '18' into text field 'id=txt_SurveyNo'.</msg>
<status status="PASS" starttime="20230816 13:14:38.692" endtime="20230816 13:14:38.811"/>
</kw>
<kw name="Input Text" library="SeleniumLibrary">
<arg>id=txt_SubDivisionNo</arg>
<arg>${robot["Subdivisionnum"]}</arg>
<doc>Types the given ``text`` into the text field identified by ``locator``.</doc>
<msg timestamp="20230816 13:14:38.812" level="INFO">Typing text '' into text field 'id=txt_SubDivisionNo'.</msg>
<status status="PASS" starttime="20230816 13:14:38.811" endtime="20230816 13:14:38.930"/>
</kw>
<kw name="Click Element" library="SeleniumLibrary">
<arg>xpath=//*[@id="btn_AddSurvey"]</arg>
<doc>Click the element identified by ``locator``.</doc>
<msg timestamp="20230816 13:14:38.931" level="INFO">Clicking element 'xpath=//*[@id="btn_AddSurvey"]'.</msg>
<status status="PASS" starttime="20230816 13:14:38.931" endtime="20230816 13:14:39.021"/>
</kw>
<status status="PASS" starttime="20230816 13:14:38.491" endtime="20230816 13:14:39.021"/>
</iter>
<iter>
<var name="${robot}">{'Village': 'Sirukalattur', 'Surveynumber': 19, 'Subdivisionnum': ''}</var>
<kw name="Select From List By Label" library="SeleniumLibrary">
<arg>name=cmb_Village</arg>
<arg>${robot["Village"]}</arg>
<doc>Selects options from selection list ``locator`` by ``labels``.</doc>
<msg timestamp="20230816 13:14:39.022" level="INFO">Selecting options from selection list 'name=cmb_Village' by label Sirukalattur.</msg>
<status status="PASS" starttime="20230816 13:14:39.022" endtime="20230816 13:14:39.219"/>
</kw>
<kw name="Input Text" library="SeleniumLibrary">
<arg>id=txt_SurveyNo</arg>
<arg>${robot["Surveynumber"]}</arg>
<doc>Types the given ``text`` into the text field identified by ``locator``.</doc>
<msg timestamp="20230816 13:14:39.221" level="INFO">Typing text '19' into text field 'id=txt_SurveyNo'.</msg>
<status status="PASS" starttime="20230816 13:14:39.219" endtime="20230816 13:14:39.338"/>
</kw>
<kw name="Input Text" library="SeleniumLibrary">
<arg>id=txt_SubDivisionNo</arg>
<arg>${robot["Subdivisionnum"]}</arg>
<doc>Types the given ``text`` into the text field identified by ``locator``.</doc>
<msg timestamp="20230816 13:14:39.339" level="INFO">Typing text '' into text field 'id=txt_SubDivisionNo'.</msg>
<status status="PASS" starttime="20230816 13:14:39.338" endtime="20230816 13:14:39.451"/>
</kw>
<kw name="Click Element" library="SeleniumLibrary">
<arg>xpath=//*[@id="btn_AddSurvey"]</arg>
<doc>Click the element identified by ``locator``.</doc>
<msg timestamp="20230816 13:14:39.451" level="INFO">Clicking element 'xpath=//*[@id="btn_AddSurvey"]'.</msg>
<status status="PASS" starttime="20230816 13:14:39.451" endtime="20230816 13:14:39.551"/>
</kw>
<status status="PASS" starttime="20230816 13:14:39.022" endtime="20230816 13:14:39.551"/>
</iter>
<iter>
<var name="${robot}">{'Village': 'Sirukalattur', 'Surveynumber': 20, 'Subdivisionnum': ''}</var>
<kw name="Select From List By Label" library="SeleniumLibrary">
<arg>name=cmb_Village</arg>
<arg>${robot["Village"]}</arg>
<doc>Selects options from selection list ``locator`` by ``labels``.</doc>
<msg timestamp="20230816 13:14:39.553" level="INFO">Selecting options from selection list 'name=cmb_Village' by label Sirukalattur.</msg>
<status status="PASS" starttime="20230816 13:14:39.551" endtime="20230816 13:14:39.739"/>
</kw>
<kw name="Input Text" library="SeleniumLibrary">
<arg>id=txt_SurveyNo</arg>
<arg>${robot["Surveynumber"]}</arg>
<doc>Types the given ``text`` into the text field identified by ``locator``.</doc>
<msg timestamp="20230816 13:14:39.741" level="INFO">Typing text '20' into text field 'id=txt_SurveyNo'.</msg>
<status status="PASS" starttime="20230816 13:14:39.739" endtime="20230816 13:14:39.857"/>
</kw>
<kw name="Input Text" library="SeleniumLibrary">
<arg>id=txt_SubDivisionNo</arg>
<arg>${robot["Subdivisionnum"]}</arg>
<doc>Types the given ``text`` into the text field identified by ``locator``.</doc>
<msg timestamp="20230816 13:14:39.858" level="INFO">Typing text '' into text field 'id=txt_SubDivisionNo'.</msg>
<status status="PASS" starttime="20230816 13:14:39.857" endtime="20230816 13:14:39.967"/>
</kw>
<kw name="Click Element" library="SeleniumLibrary">
<arg>xpath=//*[@id="btn_AddSurvey"]</arg>
<doc>Click the element identified by ``locator``.</doc>
<msg timestamp="20230816 13:14:39.967" level="INFO">Clicking element 'xpath=//*[@id="btn_AddSurvey"]'.</msg>
<status status="PASS" starttime="20230816 13:14:39.967" endtime="20230816 13:14:40.062"/>
</kw>
<status status="PASS" starttime="20230816 13:14:39.551" endtime="20230816 13:14:40.063"/>
</iter>
<iter>
<var name="${robot}">{'Village': 'Sirukalattur', 'Surveynumber': 21, 'Subdivisionnum': ''}</var>
<kw name="Select From List By Label" library="SeleniumLibrary">
<arg>name=cmb_Village</arg>
<arg>${robot["Village"]}</arg>
<doc>Selects options from selection list ``locator`` by ``labels``.</doc>
<msg timestamp="20230816 13:14:40.064" level="INFO">Selecting options from selection list 'name=cmb_Village' by label Sirukalattur.</msg>
<status status="PASS" starttime="20230816 13:14:40.063" endtime="20230816 13:14:40.248"/>
</kw>
<kw name="Input Text" library="SeleniumLibrary">
<arg>id=txt_SurveyNo</arg>
<arg>${robot["Surveynumber"]}</arg>
<doc>Types the given ``text`` into the text field identified by ``locator``.</doc>
<msg timestamp="20230816 13:14:40.249" level="INFO">Typing text '21' into text field 'id=txt_SurveyNo'.</msg>
<status status="PASS" starttime="20230816 13:14:40.248" endtime="20230816 13:14:40.366"/>
</kw>
<kw name="Input Text" library="SeleniumLibrary">
<arg>id=txt_SubDivisionNo</arg>
<arg>${robot["Subdivisionnum"]}</arg>
<doc>Types the given ``text`` into the text field identified by ``locator``.</doc>
<msg timestamp="20230816 13:14:40.368" level="INFO">Typing text '' into text field 'id=txt_SubDivisionNo'.</msg>
<status status="PASS" starttime="20230816 13:14:40.366" endtime="20230816 13:14:40.482"/>
</kw>
<kw name="Click Element" library="SeleniumLibrary">
<arg>xpath=//*[@id="btn_AddSurvey"]</arg>
<doc>Click the element identified by ``locator``.</doc>
<msg timestamp="20230816 13:14:40.482" level="INFO">Clicking element 'xpath=//*[@id="btn_AddSurvey"]'.</msg>
<status status="PASS" starttime="20230816 13:14:40.482" endtime="20230816 13:14:40.577"/>
</kw>
<status status="PASS" starttime="20230816 13:14:40.063" endtime="20230816 13:14:40.577"/>
</iter>
<iter>
<var name="${robot}">{'Village': 'Sirukalattur', 'Surveynumber': 22, 'Subdivisionnum': ''}</var>
<kw name="Select From List By Label" library="SeleniumLibrary">
<arg>name=cmb_Village</arg>
<arg>${robot["Village"]}</arg>
<doc>Selects options from selection list ``locator`` by ``labels``.</doc>
<msg timestamp="20230816 13:14:40.580" level="INFO">Selecting options from selection list 'name=cmb_Village' by label Sirukalattur.</msg>
<status status="PASS" starttime="20230816 13:14:40.578" endtime="20230816 13:14:40.761"/>
</kw>
<kw name="Input Text" library="SeleniumLibrary">
<arg>id=txt_SurveyNo</arg>
<arg>${robot["Surveynumber"]}</arg>
<doc>Types the given ``text`` into the text field identified by ``locator``.</doc>
<msg timestamp="20230816 13:14:40.763" level="INFO">Typing text '22' into text field 'id=txt_SurveyNo'.</msg>
<status status="PASS" starttime="20230816 13:14:40.761" endtime="20230816 13:14:40.876"/>
</kw>
<kw name="Input Text" library="SeleniumLibrary">
<arg>id=txt_SubDivisionNo</arg>
<arg>${robot["Subdivisionnum"]}</arg>
<doc>Types the given ``text`` into the text field identified by ``locator``.</doc>
<msg timestamp="20230816 13:14:40.878" level="INFO">Typing text '' into text field 'id=txt_SubDivisionNo'.</msg>
<status status="PASS" starttime="20230816 13:14:40.876" endtime="20230816 13:14:40.988"/>
</kw>
<kw name="Click Element" library="SeleniumLibrary">
<arg>xpath=//*[@id="btn_AddSurvey"]</arg>
<doc>Click the element identified by ``locator``.</doc>
<msg timestamp="20230816 13:14:40.988" level="INFO">Clicking element 'xpath=//*[@id="btn_AddSurvey"]'.</msg>
<status status="PASS" starttime="20230816 13:14:40.988" endtime="20230816 13:14:41.083"/>
</kw>
<status status="PASS" starttime="20230816 13:14:40.578" endtime="20230816 13:14:41.083"/>
</iter>
<iter>
<var name="${robot}">{'Village': 'Sirukalattur', 'Surveynumber': 23, 'Subdivisionnum': ''}</var>
<kw name="Select From List By Label" library="SeleniumLibrary">
<arg>name=cmb_Village</arg>
<arg>${robot["Village"]}</arg>
<doc>Selects options from selection list ``locator`` by ``labels``.</doc>
<msg timestamp="20230816 13:14:41.084" level="INFO">Selecting options from selection list 'name=cmb_Village' by label Sirukalattur.</msg>
<status status="PASS" starttime="20230816 13:14:41.083" endtime="20230816 13:14:41.279"/>
</kw>
<kw name="Input Text" library="SeleniumLibrary">
<arg>id=txt_SurveyNo</arg>
<arg>${robot["Surveynumber"]}</arg>
<doc>Types the given ``text`` into the text field identified by ``locator``.</doc>
<msg timestamp="20230816 13:14:41.280" level="INFO">Typing text '23' into text field 'id=txt_SurveyNo'.</msg>
<status status="PASS" starttime="20230816 13:14:41.279" endtime="20230816 13:14:41.401"/>
</kw>
<kw name="Input Text" library="SeleniumLibrary">
<arg>id=txt_SubDivisionNo</arg>
<arg>${robot["Subdivisionnum"]}</arg>
<doc>Types the given ``text`` into the text field identified by ``locator``.</doc>
<msg timestamp="20230816 13:14:41.403" level="INFO">Typing text '' into text field 'id=txt_SubDivisionNo'.</msg>
<status status="PASS" starttime="20230816 13:14:41.401" endtime="20230816 13:14:41.514"/>
</kw>
<kw name="Click Element" library="SeleniumLibrary">
<arg>xpath=//*[@id="btn_AddSurvey"]</arg>
<doc>Click the element identified by ``locator``.</doc>
<msg timestamp="20230816 13:14:41.515" level="INFO">Clicking element 'xpath=//*[@id="btn_AddSurvey"]'.</msg>
<status status="PASS" starttime="20230816 13:14:41.514" endtime="20230816 13:14:41.614"/>
</kw>
<status status="PASS" starttime="20230816 13:14:41.083" endtime="20230816 13:14:41.614"/>
</iter>
<iter>
<var name="${robot}">{'Village': 'Sirukalattur', 'Surveynumber': 24, 'Subdivisionnum': ''}</var>
<kw name="Select From List By Label" library="SeleniumLibrary">
<arg>name=cmb_Village</arg>
<arg>${robot["Village"]}</arg>
<doc>Selects options from selection list ``locator`` by ``labels``.</doc>
<msg timestamp="20230816 13:14:41.616" level="INFO">Selecting options from selection list 'name=cmb_Village' by label Sirukalattur.</msg>
<status status="PASS" starttime="20230816 13:14:41.615" endtime="20230816 13:14:41.800"/>
</kw>
<kw name="Input Text" library="SeleniumLibrary">
<arg>id=txt_SurveyNo</arg>
<arg>${robot["Surveynumber"]}</arg>
<doc>Types the given ``text`` into the text field identified by ``locator``.</doc>
<msg timestamp="20230816 13:14:41.801" level="INFO">Typing text '24' into text field 'id=txt_SurveyNo'.</msg>
<status status="PASS" starttime="20230816 13:14:41.800" endtime="20230816 13:14:41.921"/>
</kw>
<kw name="Input Text" library="SeleniumLibrary">
<arg>id=txt_SubDivisionNo</arg>
<arg>${robot["Subdivisionnum"]}</arg>
<doc>Types the given ``text`` into the text field identified by ``locator``.</doc>
<msg timestamp="20230816 13:14:41.922" level="INFO">Typing text '' into text field 'id=txt_SubDivisionNo'.</msg>
<status status="PASS" starttime="20230816 13:14:41.921" endtime="20230816 13:14:42.031"/>
</kw>
<kw name="Click Element" library="SeleniumLibrary">
<arg>xpath=//*[@id="btn_AddSurvey"]</arg>
<doc>Click the element identified by ``locator``.</doc>
<msg timestamp="20230816 13:14:42.033" level="INFO">Clicking element 'xpath=//*[@id="btn_AddSurvey"]'.</msg>
<status status="PASS" starttime="20230816 13:14:42.031" endtime="20230816 13:14:42.131"/>
</kw>
<status status="PASS" starttime="20230816 13:14:41.614" endtime="20230816 13:14:42.132"/>
</iter>
<iter>
<var name="${robot}">{'Village': 'Sirukalattur', 'Surveynumber': 25, 'Subdivisionnum': ''}</var>
<kw name="Select From List By Label" library="SeleniumLibrary">
<arg>name=cmb_Village</arg>
<arg>${robot["Village"]}</arg>
<doc>Selects options from selection list ``locator`` by ``labels``.</doc>
<msg timestamp="20230816 13:14:42.133" level="INFO">Selecting options from selection list 'name=cmb_Village' by label Sirukalattur.</msg>
<status status="PASS" starttime="20230816 13:14:42.132" endtime="20230816 13:14:42.313"/>
</kw>
<kw name="Input Text" library="SeleniumLibrary">
<arg>id=txt_SurveyNo</arg>
<arg>${robot["Surveynumber"]}</arg>
<doc>Types the given ``text`` into the text field identified by ``locator``.</doc>
<msg timestamp="20230816 13:14:42.315" level="INFO">Typing text '25' into text field 'id=txt_SurveyNo'.</msg>
<status status="PASS" starttime="20230816 13:14:42.314" endtime="20230816 13:14:42.438"/>
</kw>
<kw name="Input Text" library="SeleniumLibrary">
<arg>id=txt_SubDivisionNo</arg>
<arg>${robot["Subdivisionnum"]}</arg>
<doc>Types the given ``text`` into the text field identified by ``locator``.</doc>
<msg timestamp="20230816 13:14:42.440" level="INFO">Typing text '' into text field 'id=txt_SubDivisionNo'.</msg>
<status status="PASS" starttime="20230816 13:14:42.438" endtime="20230816 13:14:42.565"/>
</kw>
<kw name="Click Element" library="SeleniumLibrary">
<arg>xpath=//*[@id="btn_AddSurvey"]</arg>
<doc>Click the element identified by ``locator``.</doc>
<msg timestamp="20230816 13:14:42.565" level="INFO">Clicking element 'xpath=//*[@id="btn_AddSurvey"]'.</msg>
<status status="PASS" starttime="20230816 13:14:42.565" endtime="20230816 13:14:42.661"/>
</kw>
<status status="PASS" starttime="20230816 13:14:42.132" endtime="20230816 13:14:42.661"/>
</iter>
<iter>
<var name="${robot}">{'Village': 'Sirukalattur', 'Surveynumber': 26, 'Subdivisionnum': ''}</var>
<kw name="Select From List By Label" library="SeleniumLibrary">
<arg>name=cmb_Village</arg>
<arg>${robot["Village"]}</arg>
<doc>Selects options from selection list ``locator`` by ``labels``.</doc>
<msg timestamp="20230816 13:14:42.664" level="INFO">Selecting options from selection list 'name=cmb_Village' by label Sirukalattur.</msg>
<status status="PASS" starttime="20230816 13:14:42.662" endtime="20230816 13:14:42.850"/>
</kw>
<kw name="Input Text" library="SeleniumLibrary">
<arg>id=txt_SurveyNo</arg>
<arg>${robot["Surveynumber"]}</arg>
<doc>Types the given ``text`` into the text field identified by ``locator``.</doc>
<msg timestamp="20230816 13:14:42.851" level="INFO">Typing text '26' into text field 'id=txt_SurveyNo'.</msg>
<status status="PASS" starttime="20230816 13:14:42.850" endtime="20230816 13:14:42.970"/>
</kw>
<kw name="Input Text" library="SeleniumLibrary">
<arg>id=txt_SubDivisionNo</arg>
<arg>${robot["Subdivisionnum"]}</arg>
<doc>Types the given ``text`` into the text field identified by ``locator``.</doc>
<msg timestamp="20230816 13:14:42.971" level="INFO">Typing text '' into text field 'id=txt_SubDivisionNo'.</msg>
<status status="PASS" starttime="20230816 13:14:42.970" endtime="20230816 13:14:43.083"/>
</kw>
<kw name="Click Element" library="SeleniumLibrary">
<arg>xpath=//*[@id="btn_AddSurvey"]</arg>
<doc>Click the element identified by ``locator``.</doc>
<msg timestamp="20230816 13:14:43.083" level="INFO">Clicking element 'xpath=//*[@id="btn_AddSurvey"]'.</msg>
<status status="PASS" starttime="20230816 13:14:43.083" endtime="20230816 13:14:43.178"/>
</kw>
<status status="PASS" starttime="20230816 13:14:42.661" endtime="20230816 13:14:43.178"/>
</iter>
<iter>
<var name="${robot}">{'Village': 'Sirukalattur', 'Surveynumber': 27, 'Subdivisionnum': ''}</var>
<kw name="Select From List By Label" library="SeleniumLibrary">
<arg>name=cmb_Village</arg>
<arg>${robot["Village"]}</arg>
<doc>Selects options from selection list ``locator`` by ``labels``.</doc>
<msg timestamp="20230816 13:14:43.181" level="INFO">Selecting options from selection list 'name=cmb_Village' by label Sirukalattur.</msg>
<status status="PASS" starttime="20230816 13:14:43.179" endtime="20230816 13:14:43.683"/>
</kw>
<kw name="Input Text" library="SeleniumLibrary">
<arg>id=txt_SurveyNo</arg>
<arg>${robot["Surveynumber"]}</arg>
<doc>Types the given ``text`` into the text field identified by ``locator``.</doc>
<msg timestamp="20230816 13:14:43.686" level="INFO">Typing text '27' into text field 'id=txt_SurveyNo'.</msg>
<status status="PASS" starttime="20230816 13:14:43.684" endtime="20230816 13:14:43.816"/>
</kw>
<kw name="Input Text" library="SeleniumLibrary">
<arg>id=txt_SubDivisionNo</arg>
<arg>${robot["Subdivisionnum"]}</arg>
<doc>Types the given ``text`` into the text field identified by ``locator``.</doc>
<msg timestamp="20230816 13:14:43.817" level="INFO">Typing text '' into text field 'id=txt_SubDivisionNo'.</msg>
<status status="PASS" starttime="20230816 13:14:43.816" endtime="20230816 13:14:43.933"/>
</kw>
<kw name="Click Element" library="SeleniumLibrary">
<arg>xpath=//*[@id="btn_AddSurvey"]</arg>
<doc>Click the element identified by ``locator``.</doc>
<msg timestamp="20230816 13:14:43.934" level="INFO">Clicking element 'xpath=//*[@id="btn_AddSurvey"]'.</msg>
<status status="PASS" starttime="20230816 13:14:43.933" endtime="20230816 13:14:44.030"/>
</kw>
<status status="PASS" starttime="20230816 13:14:43.179" endtime="20230816 13:14:44.030"/>
</iter>
<iter>
<var name="${robot}">{'Village': 'Sirukalattur', 'Surveynumber': 28, 'Subdivisionnum': ''}</var>
<kw name="Select From List By Label" library="SeleniumLibrary">
<arg>name=cmb_Village</arg>
<arg>${robot["Village"]}</arg>
<doc>Selects options from selection list ``locator`` by ``labels``.</doc>
<msg timestamp="20230816 13:14:44.031" level="INFO">Selecting options from selection list 'name=cmb_Village' by label Sirukalattur.</msg>
<status status="PASS" starttime="20230816 13:14:44.030" endtime="20230816 13:14:44.217"/>
</kw>
<kw name="Input Text" library="SeleniumLibrary">
<arg>id=txt_SurveyNo</arg>
<arg>${robot["Surveynumber"]}</arg>
<doc>Types the given ``text`` into the text field identified by ``locator``.</doc>
<msg timestamp="20230816 13:14:44.220" level="INFO">Typing text '28' into text field 'id=txt_SurveyNo'.</msg>
<status status="PASS" starttime="20230816 13:14:44.217" endtime="20230816 13:14:44.339"/>
</kw>
<kw name="Input Text" library="SeleniumLibrary">
<arg>id=txt_SubDivisionNo</arg>
<arg>${robot["Subdivisionnum"]}</arg>
<doc>Types the given ``text`` into the text field identified by ``locator``.</doc>
<msg timestamp="20230816 13:14:44.340" level="INFO">Typing text '' into text field 'id=txt_SubDivisionNo'.</msg>
<status status="PASS" starttime="20230816 13:14:44.339" endtime="20230816 13:14:44.463"/>
</kw>
<kw name="Click Element" library="SeleniumLibrary">
<arg>xpath=//*[@id="btn_AddSurvey"]</arg>
<doc>Click the element identified by ``locator``.</doc>
<msg timestamp="20230816 13:14:44.464" level="INFO">Clicking element 'xpath=//*[@id="btn_AddSurvey"]'.</msg>
<status status="PASS" starttime="20230816 13:14:44.463" endtime="20230816 13:14:44.560"/>
</kw>
<status status="PASS" starttime="20230816 13:14:44.030" endtime="20230816 13:14:44.560"/>
</iter>
<iter>
<var name="${robot}">{'Village': 'Sirukalattur', 'Surveynumber': 29, 'Subdivisionnum': ''}</var>
<kw name="Select From List By Label" library="SeleniumLibrary">
<arg>name=cmb_Village</arg>
<arg>${robot["Village"]}</arg>
<doc>Selects options from selection list ``locator`` by ``labels``.</doc>
<msg timestamp="20230816 13:14:44.561" level="INFO">Selecting options from selection list 'name=cmb_Village' by label Sirukalattur.</msg>
<status status="PASS" starttime="20230816 13:14:44.560" endtime="20230816 13:14:44.744"/>
</kw>
<kw name="Input Text" library="SeleniumLibrary">
<arg>id=txt_SurveyNo</arg>
<arg>${robot["Surveynumber"]}</arg>
<doc>Types the given ``text`` into the text field identified by ``locator``.</doc>
<msg timestamp="20230816 13:14:44.746" level="INFO">Typing text '29' into text field 'id=txt_SurveyNo'.</msg>
<status status="PASS" starttime="20230816 13:14:44.744" endtime="20230816 13:14:44.866"/>
</kw>
<kw name="Input Text" library="SeleniumLibrary">
<arg>id=txt_SubDivisionNo</arg>
<arg>${robot["Subdivisionnum"]}</arg>
<doc>Types the given ``text`` into the text field identified by ``locator``.</doc>
<msg timestamp="20230816 13:14:44.867" level="INFO">Typing text '' into text field 'id=txt_SubDivisionNo'.</msg>
<status status="PASS" starttime="20230816 13:14:44.866" endtime="20230816 13:14:44.981"/>
</kw>
<kw name="Click Element" library="SeleniumLibrary">
<arg>xpath=//*[@id="btn_AddSurvey"]</arg>
<doc>Click the element identified by ``locator``.</doc>
<msg timestamp="20230816 13:14:44.982" level="INFO">Clicking element 'xpath=//*[@id="btn_AddSurvey"]'.</msg>
<status status="PASS" starttime="20230816 13:14:44.982" endtime="20230816 13:14:45.079"/>
</kw>
<status status="PASS" starttime="20230816 13:14:44.560" endtime="20230816 13:14:45.079"/>
</iter>
<iter>
<var name="${robot}">{'Village': 'Sirukalattur', 'Surveynumber': 30, 'Subdivisionnum': ''}</var>
<kw name="Select From List By Label" library="SeleniumLibrary">
<arg>name=cmb_Village</arg>
<arg>${robot["Village"]}</arg>
<doc>Selects options from selection list ``locator`` by ``labels``.</doc>
<msg timestamp="20230816 13:14:45.080" level="INFO">Selecting options from selection list 'name=cmb_Village' by label Sirukalattur.</msg>
<status status="PASS" starttime="20230816 13:14:45.079" endtime="20230816 13:14:45.269"/>
</kw>
<kw name="Input Text" library="SeleniumLibrary">
<arg>id=txt_SurveyNo</arg>
<arg>${robot["Surveynumber"]}</arg>
<doc>Types the given ``text`` into the text field identified by ``locator``.</doc>
<msg timestamp="20230816 13:14:45.271" level="INFO">Typing text '30' into text field 'id=txt_SurveyNo'.</msg>
<status status="PASS" starttime="20230816 13:14:45.269" endtime="20230816 13:14:45.382"/>
</kw>
<kw name="Input Text" library="SeleniumLibrary">
<arg>id=txt_SubDivisionNo</arg>
<arg>${robot["Subdivisionnum"]}</arg>
<doc>Types the given ``text`` into the text field identified by ``locator``.</doc>
<msg timestamp="20230816 13:14:45.383" level="INFO">Typing text '' into text field 'id=txt_SubDivisionNo'.</msg>
<status status="PASS" starttime="20230816 13:14:45.382" endtime="20230816 13:14:45.495"/>
</kw>
<kw name="Click Element" library="SeleniumLibrary">
<arg>xpath=//*[@id="btn_AddSurvey"]</arg>
<doc>Click the element identified by ``locator``.</doc>
<msg timestamp="20230816 13:14:45.496" level="INFO">Clicking element 'xpath=//*[@id="btn_AddSurvey"]'.</msg>
<status status="PASS" starttime="20230816 13:14:45.495" endtime="20230816 13:14:45.598"/>
</kw>
<status status="PASS" starttime="20230816 13:14:45.079" endtime="20230816 13:14:45.598"/>
</iter>
<iter>
<var name="${robot}">{'Village': 'Sirukalattur', 'Surveynumber': 31, 'Subdivisionnum': ''}</var>
<kw name="Select From List By Label" library="SeleniumLibrary">
<arg>name=cmb_Village</arg>
<arg>${robot["Village"]}</arg>
<doc>Selects options from selection list ``locator`` by ``labels``.</doc>
<msg timestamp="20230816 13:14:45.600" level="INFO">Selecting options from selection list 'name=cmb_Village' by label Sirukalattur.</msg>
<status status="PASS" starttime="20230816 13:14:45.598" endtime="20230816 13:14:45.785"/>
</kw>
<kw name="Input Text" library="SeleniumLibrary">
<arg>id=txt_SurveyNo</arg>
<arg>${robot["Surveynumber"]}</arg>
<doc>Types the given ``text`` into the text field identified by ``locator``.</doc>
<msg timestamp="20230816 13:14:45.788" level="INFO">Typing text '31' into text field 'id=txt_SurveyNo'.</msg>
<status status="PASS" starttime="20230816 13:14:45.787" endtime="20230816 13:14:45.916"/>
</kw>
<kw name="Input Text" library="SeleniumLibrary">
<arg>id=txt_SubDivisionNo</arg>
<arg>${robot["Subdivisionnum"]}</arg>
<doc>Types the given ``text`` into the text field identified by ``locator``.</doc>
<msg timestamp="20230816 13:14:45.917" level="INFO">Typing text '' into text field 'id=txt_SubDivisionNo'.</msg>
<status status="PASS" starttime="20230816 13:14:45.916" endtime="20230816 13:14:46.027"/>
</kw>
<kw name="Click Element" library="SeleniumLibrary">
<arg>xpath=//*[@id="btn_AddSurvey"]</arg>
<doc>Click the element identified by ``locator``.</doc>
<msg timestamp="20230816 13:14:46.028" level="INFO">Clicking element 'xpath=//*[@id="btn_AddSurvey"]'.</msg>
<status status="PASS" starttime="20230816 13:14:46.027" endtime="20230816 13:14:46.124"/>
</kw>
<status status="PASS" starttime="20230816 13:14:45.598" endtime="20230816 13:14:46.124"/>
</iter>
<iter>
<var name="${robot}">{'Village': 'Sirukalattur', 'Surveynumber': 32, 'Subdivisionnum': ''}</var>
<kw name="Select From List By Label" library="SeleniumLibrary">
<arg>name=cmb_Village</arg>
<arg>${robot["Village"]}</arg>
<doc>Selects options from selection list ``locator`` by ``labels``.</doc>
<msg timestamp="20230816 13:14:46.126" level="INFO">Selecting options from selection list 'name=cmb_Village' by label Sirukalattur.</msg>
<status status="PASS" starttime="20230816 13:14:46.124" endtime="20230816 13:14:46.317"/>
</kw>
<kw name="Input Text" library="SeleniumLibrary">
<arg>id=txt_SurveyNo</arg>
<arg>${robot["Surveynumber"]}</arg>
<doc>Types the given ``text`` into the text field identified by ``locator``.</doc>
<msg timestamp="20230816 13:14:46.319" level="INFO">Typing text '32' into text field 'id=txt_SurveyNo'.</msg>
<status status="PASS" starttime="20230816 13:14:46.317" endtime="20230816 13:14:46.434"/>
</kw>
<kw name="Input Text" library="SeleniumLibrary">
<arg>id=txt_SubDivisionNo</arg>
<arg>${robot["Subdivisionnum"]}</arg>
<doc>Types the given ``text`` into the text field identified by ``locator``.</doc>
<msg timestamp="20230816 13:14:46.435" level="INFO">Typing text '' into text field 'id=txt_SubDivisionNo'.</msg>
<status status="PASS" starttime="20230816 13:14:46.434" endtime="20230816 13:14:46.558"/>
</kw>
<kw name="Click Element" library="SeleniumLibrary">
<arg>xpath=//*[@id="btn_AddSurvey"]</arg>
<doc>Click the element identified by ``locator``.</doc>
<msg timestamp="20230816 13:14:46.559" level="INFO">Clicking element 'xpath=//*[@id="btn_AddSurvey"]'.</msg>
<status status="PASS" starttime="20230816 13:14:46.559" endtime="20230816 13:14:46.656"/>
</kw>
<status status="PASS" starttime="20230816 13:14:46.124" endtime="20230816 13:14:46.656"/>
</iter>
<iter>
<var name="${robot}">{'Village': 'Sirukalattur', 'Surveynumber': 33, 'Subdivisionnum': ''}</var>
<kw name="Select From List By Label" library="SeleniumLibrary">
<arg>name=cmb_Village</arg>
<arg>${robot["Village"]}</arg>
<doc>Selects options from selection list ``locator`` by ``labels``.</doc>
<msg timestamp="20230816 13:14:46.658" level="INFO">Selecting options from selection list 'name=cmb_Village' by label Sirukalattur.</msg>
<status status="PASS" starttime="20230816 13:14:46.656" endtime="20230816 13:14:46.844"/>
</kw>
<kw name="Input Text" library="SeleniumLibrary">
<arg>id=txt_SurveyNo</arg>
<arg>${robot["Surveynumber"]}</arg>
<doc>Types the given ``text`` into the text field identified by ``locator``.</doc>
<msg timestamp="20230816 13:14:46.845" level="INFO">Typing text '33' into text field 'id=txt_SurveyNo'.</msg>
<status status="PASS" starttime="20230816 13:14:46.844" endtime="20230816 13:14:46.963"/>
</kw>
<kw name="Input Text" library="SeleniumLibrary">
<arg>id=txt_SubDivisionNo</arg>
<arg>${robot["Subdivisionnum"]}</arg>
<doc>Types the given ``text`` into the text field identified by ``locator``.</doc>
<msg timestamp="20230816 13:14:46.964" level="INFO">Typing text '' into text field 'id=txt_SubDivisionNo'.</msg>
<status status="PASS" starttime="20230816 13:14:46.963" endtime="20230816 13:14:47.071"/>
</kw>
<kw name="Click Element" library="SeleniumLibrary">
<arg>xpath=//*[@id="btn_AddSurvey"]</arg>
<doc>Click the element identified by ``locator``.</doc>
<msg timestamp="20230816 13:14:47.072" level="INFO">Clicking element 'xpath=//*[@id="btn_AddSurvey"]'.</msg>
<status status="PASS" starttime="20230816 13:14:47.071" endtime="20230816 13:14:47.174"/>
</kw>
<status status="PASS" starttime="20230816 13:14:46.656" endtime="20230816 13:14:47.174"/>
</iter>
<iter>
<var name="${robot}">{'Village': 'Sirukalattur', 'Surveynumber': 34, 'Subdivisionnum': ''}</var>
<kw name="Select From List By Label" library="SeleniumLibrary">
<arg>name=cmb_Village</arg>
<arg>${robot["Village"]}</arg>
<doc>Selects options from selection list ``locator`` by ``labels``.</doc>
<msg timestamp="20230816 13:14:47.176" level="INFO">Selecting options from selection list 'name=cmb_Village' by label Sirukalattur.</msg>
<status status="PASS" starttime="20230816 13:14:47.175" endtime="20230816 13:14:47.360"/>
</kw>
<kw name="Input Text" library="SeleniumLibrary">
<arg>id=txt_SurveyNo</arg>
<arg>${robot["Surveynumber"]}</arg>
<doc>Types the given ``text`` into the text field identified by ``locator``.</doc>
<msg timestamp="20230816 13:14:47.363" level="INFO">Typing text '34' into text field 'id=txt_SurveyNo'.</msg>
<status status="PASS" starttime="20230816 13:14:47.361" endtime="20230816 13:14:47.480"/>
</kw>
<kw name="Input Text" library="SeleniumLibrary">
<arg>id=txt_SubDivisionNo</arg>
<arg>${robot["Subdivisionnum"]}</arg>
<doc>Types the given ``text`` into the text field identified by ``locator``.</doc>
<msg timestamp="20230816 13:14:47.481" level="INFO">Typing text '' into text field 'id=txt_SubDivisionNo'.</msg>
<status status="PASS" starttime="20230816 13:14:47.480" endtime="20230816 13:14:47.594"/>
</kw>
<kw name="Click Element" library="SeleniumLibrary">
<arg>xpath=//*[@id="btn_AddSurvey"]</arg>
<doc>Click the element identified by ``locator``.</doc>
<msg timestamp="20230816 13:14:47.594" level="INFO">Clicking element 'xpath=//*[@id="btn_AddSurvey"]'.</msg>
<status status="PASS" starttime="20230816 13:14:47.594" endtime="20230816 13:14:47.696"/>
</kw>
<status status="PASS" starttime="20230816 13:14:47.175" endtime="20230816 13:14:47.696"/>
</iter>
<iter>
<var name="${robot}">{'Village': 'Sirukalattur', 'Surveynumber': 35, 'Subdivisionnum': ''}</var>
<kw name="Select From List By Label" library="SeleniumLibrary">
<arg>name=cmb_Village</arg>
<arg>${robot["Village"]}</arg>
<doc>Selects options from selection list ``locator`` by ``labels``.</doc>
<msg timestamp="20230816 13:14:47.698" level="INFO">Selecting options from selection list 'name=cmb_Village' by label Sirukalattur.</msg>
<status status="PASS" starttime="20230816 13:14:47.696" endtime="20230816 13:14:47.889"/>
</kw>
<kw name="Input Text" library="SeleniumLibrary">
<arg>id=txt_SurveyNo</arg>
<arg>${robot["Surveynumber"]}</arg>
<doc>Types the given ``text`` into the text field identified by ``locator``.</doc>
<msg timestamp="20230816 13:14:47.891" level="INFO">Typing text '35' into text field 'id=txt_SurveyNo'.</msg>
<status status="PASS" starttime="20230816 13:14:47.890" endtime="20230816 13:14:48.011"/>
</kw>
<kw name="Input Text" library="SeleniumLibrary">
<arg>id=txt_SubDivisionNo</arg>
<arg>${robot["Subdivisionnum"]}</arg>
<doc>Types the given ``text`` into the text field identified by ``locator``.</doc>
<msg timestamp="20230816 13:14:48.013" level="INFO">Typing text '' into text field 'id=txt_SubDivisionNo'.</msg>
<status status="PASS" starttime="20230816 13:14:48.011" endtime="20230816 13:14:48.126"/>
</kw>
<kw name="Click Element" library="SeleniumLibrary">
<arg>xpath=//*[@id="btn_AddSurvey"]</arg>
<doc>Click the element identified by ``locator``.</doc>
<msg timestamp="20230816 13:14:48.127" level="INFO">Clicking element 'xpath=//*[@id="btn_AddSurvey"]'.</msg>
<status status="PASS" starttime="20230816 13:14:48.126" endtime="20230816 13:14:48.226"/>
</kw>
<status status="PASS" starttime="20230816 13:14:47.696" endtime="20230816 13:14:48.226"/>
</iter>
<iter>
<var name="${robot}">{'Village': 'Sirukalattur', 'Surveynumber': 36, 'Subdivisionnum': ''}</var>
<kw name="Select From List By Label" library="SeleniumLibrary">
<arg>name=cmb_Village</arg>
<arg>${robot["Village"]}</arg>
<doc>Selects options from selection list ``locator`` by ``labels``.</doc>
<msg timestamp="20230816 13:14:48.227" level="INFO">Selecting options from selection list 'name=cmb_Village' by label Sirukalattur.</msg>
<status status="PASS" starttime="20230816 13:14:48.226" endtime="20230816 13:14:48.413"/>
</kw>
<kw name="Input Text" library="SeleniumLibrary">
<arg>id=txt_SurveyNo</arg>
<arg>${robot["Surveynumber"]}</arg>
<doc>Types the given ``text`` into the text field identified by ``locator``.</doc>
<msg timestamp="20230816 13:14:48.414" level="INFO">Typing text '36' into text field 'id=txt_SurveyNo'.</msg>
<status status="PASS" starttime="20230816 13:14:48.413" endtime="20230816 13:14:48.534"/>
</kw>
<kw name="Input Text" library="SeleniumLibrary">
<arg>id=txt_SubDivisionNo</arg>
<arg>${robot["Subdivisionnum"]}</arg>
<doc>Types the given ``text`` into the text field identified by ``locator``.</doc>
<msg timestamp="20230816 13:14:48.536" level="INFO">Typing text '' into text field 'id=txt_SubDivisionNo'.</msg>
<status status="PASS" starttime="20230816 13:14:48.535" endtime="20230816 13:14:48.649"/>
</kw>
<kw name="Click Element" library="SeleniumLibrary">
<arg>xpath=//*[@id="btn_AddSurvey"]</arg>
<doc>Click the element identified by ``locator``.</doc>
<msg timestamp="20230816 13:14:48.650" level="INFO">Clicking element 'xpath=//*[@id="btn_AddSurvey"]'.</msg>
<status status="PASS" starttime="20230816 13:14:48.649" endtime="20230816 13:14:48.749"/>
</kw>
<status status="PASS" starttime="20230816 13:14:48.226" endtime="20230816 13:14:48.749"/>
</iter>
<iter>
<var name="${robot}">{'Village': 'Sirukalattur', 'Surveynumber': 37, 'Subdivisionnum': ''}</var>
<kw name="Select From List By Label" library="SeleniumLibrary">
<arg>name=cmb_Village</arg>
<arg>${robot["Village"]}</arg>
<doc>Selects options from selection list ``locator`` by ``labels``.</doc>
<msg timestamp="20230816 13:14:48.750" level="INFO">Selecting options from selection list 'name=cmb_Village' by label Sirukalattur.</msg>
<status status="PASS" starttime="20230816 13:14:48.749" endtime="20230816 13:14:48.937"/>
</kw>
<kw name="Input Text" library="SeleniumLibrary">
<arg>id=txt_SurveyNo</arg>
<arg>${robot["Surveynumber"]}</arg>
<doc>Types the given ``text`` into the text field identified by ``locator``.</doc>
<msg timestamp="20230816 13:14:48.940" level="INFO">Typing text '37' into text field 'id=txt_SurveyNo'.</msg>
<status status="PASS" starttime="20230816 13:14:48.938" endtime="20230816 13:14:49.062"/>
</kw>
<kw name="Input Text" library="SeleniumLibrary">
<arg>id=txt_SubDivisionNo</arg>
<arg>${robot["Subdivisionnum"]}</arg>
<doc>Types the given ``text`` into the text field identified by ``locator``.</doc>
<msg timestamp="20230816 13:14:49.064" level="INFO">Typing text '' into text field 'id=txt_SubDivisionNo'.</msg>
<status status="PASS" starttime="20230816 13:14:49.062" endtime="20230816 13:14:49.174"/>
</kw>
<kw name="Click Element" library="SeleniumLibrary">
<arg>xpath=//*[@id="btn_AddSurvey"]</arg>
<doc>Click the element identified by ``locator``.</doc>
<msg timestamp="20230816 13:14:49.175" level="INFO">Clicking element 'xpath=//*[@id="btn_AddSurvey"]'.</msg>
<status status="PASS" starttime="20230816 13:14:49.174" endtime="20230816 13:14:49.273"/>
</kw>
<status status="PASS" starttime="20230816 13:14:48.749" endtime="20230816 13:14:49.273"/>
</iter>
<iter>
<var name="${robot}">{'Village': 'Sirukalattur', 'Surveynumber': 38, 'Subdivisionnum': ''}</var>
<kw name="Select From List By Label" library="SeleniumLibrary">
<arg>name=cmb_Village</arg>
<arg>${robot["Village"]}</arg>
<doc>Selects options from selection list ``locator`` by ``labels``.</doc>
<msg timestamp="20230816 13:14:49.275" level="INFO">Selecting options from selection list 'name=cmb_Village' by label Sirukalattur.</msg>
<status status="PASS" starttime="20230816 13:14:49.274" endtime="20230816 13:14:49.453"/>
</kw>
<kw name="Input Text" library="SeleniumLibrary">
<arg>id=txt_SurveyNo</arg>
<arg>${robot["Surveynumber"]}</arg>
<doc>Types the given ``text`` into the text field identified by ``locator``.</doc>
<msg timestamp="20230816 13:14:49.455" level="INFO">Typing text '38' into text field 'id=txt_SurveyNo'.</msg>
<status status="PASS" starttime="20230816 13:14:49.453" endtime="20230816 13:14:49.573"/>
</kw>
<kw name="Input Text" library="SeleniumLibrary">
<arg>id=txt_SubDivisionNo</arg>
<arg>${robot["Subdivisionnum"]}</arg>
<doc>Types the given ``text`` into the text field identified by ``locator``.</doc>
[...]
<kw name="Select From List By Label" library="SeleniumLibrary">
<arg>name=cmb_Village</arg>
<arg>${robot["Village"]}</arg>
<doc>Selects options from selection list ``locator`` by ``labels``.</doc>
<msg timestamp="20230816 13:15:31.074" level="INFO">Selecting options from selection list 'name=cmb_Village' by label Sirukalattur.</msg>
<status status="PASS" starttime="20230816 13:15:31.072" endtime="20230816 13:15:31.270"/>
</kw>
<kw name="Input Text" library="SeleniumLibrary">
<arg>id=txt_SurveyNo</arg>
<arg>${robot["Surveynumber"]}</arg>
<doc>Types the given ``text`` into the text field identified by ``locator``.</doc>
<msg timestamp="20230816 13:15:31.270" level="INFO">Typing text '115' into text field 'id=txt_SurveyNo'.</msg>
<status status="PASS" starttime="20230816 13:15:31.270" endtime="20230816 13:15:31.396"/>
</kw>
<kw name="Input Text" library="SeleniumLibrary">
<arg>id=txt_SubDivisionNo</arg>
<arg>${robot["Subdivisionnum"]}</arg>
<doc>Types the given ``text`` into the text field identified by ``locator``.</doc>
<msg timestamp="20230816 13:15:31.398" level="INFO">Typing text '' into text field 'id=txt_SubDivisionNo'.</msg>
<status status="PASS" starttime="20230816 13:15:31.397" endtime="20230816 13:15:31.519"/>
</kw>
<kw name="Click Element" library="SeleniumLibrary">
<arg>xpath=//*[@id="btn_AddSurvey"]</arg>
<doc>Click the element identified by ``locator``.</doc>
<msg timestamp="20230816 13:15:31.520" level="INFO">Clicking element 'xpath=//*[@id="btn_AddSurvey"]'.</msg>
<status status="PASS" starttime="20230816 13:15:31.519" endtime="20230816 13:15:31.623"/>
</kw>
<status status="PASS" starttime="20230816 13:15:31.072" endtime="20230816 13:15:31.623"/>
</iter>
<iter>
<var name="${robot}">{'Village': 'Sirukalattur', 'Surveynumber': 116, 'Subdivisionnum': ''}</var>
<kw name="Select From List By Label" library="SeleniumLibrary">
<arg>name=cmb_Village</arg>
<arg>${robot["Village"]}</arg>
<doc>Selects options from selection list ``locator`` by ``labels``.</doc>
<msg timestamp="20230816 13:15:31.624" level="INFO">Selecting options from selection list 'name=cmb_Village' by label Sirukalattur.</msg>
<status status="PASS" starttime="20230816 13:15:31.623" endtime="20230816 13:15:31.815"/>
</kw>
<kw name="Input Text" library="SeleniumLibrary">
<arg>id=txt_SurveyNo</arg>
<arg>${robot["Surveynumber"]}</arg>
<doc>Types the given ``text`` into the text field identified by ``locator``.</doc>
<msg timestamp="20230816 13:15:31.816" level="INFO">Typing text '116' into text field 'id=txt_SurveyNo'.</msg>
<status status="PASS" starttime="20230816 13:15:31.815" endtime="20230816 13:15:31.940"/>
</kw>
<kw name="Input Text" library="SeleniumLibrary">
<arg>id=txt_SubDivisionNo</arg>
<arg>${robot["Subdivisionnum"]}</arg>
<doc>Types the given ``text`` into the text field identified by ``locator``.</doc>
<msg timestamp="20230816 13:15:31.942" level="INFO">Typing text '' into text field 'id=txt_SubDivisionNo'.</msg>
<status status="PASS" starttime="20230816 13:15:31.941" endtime="20230816 13:15:32.065"/>
</kw>
<kw name="Click Element" library="SeleniumLibrary">
<arg>xpath=//*[@id="btn_AddSurvey"]</arg>
<doc>Click the element identified by ``locator``.</doc>
<msg timestamp="20230816 13:15:32.065" level="INFO">Clicking element 'xpath=//*[@id="btn_AddSurvey"]'.</msg>
<status status="PASS" starttime="20230816 13:15:32.065" endtime="20230816 13:15:32.167"/>
</kw>
<status status="PASS" starttime="20230816 13:15:31.623" endtime="20230816 13:15:32.167"/>
</iter>
<iter>
<var name="${robot}">{'Village': 'Sirukalattur', 'Surveynumber': 117, 'Subdivisionnum': ''}</var>
<kw name="Select From List By Label" library="SeleniumLibrary">
<arg>name=cmb_Village</arg>
<arg>${robot["Village"]}</arg>
<doc>Selects options from selection list ``locator`` by ``labels``.</doc>
<msg timestamp="20230816 13:15:32.170" level="INFO">Selecting options from selection list 'name=cmb_Village' by label Sirukalattur.</msg>
<status status="PASS" starttime="20230816 13:15:32.168" endtime="20230816 13:15:32.360"/>
</kw>
<kw name="Input Text" library="SeleniumLibrary">
<arg>id=txt_SurveyNo</arg>
<arg>${robot["Surveynumber"]}</arg>
<doc>Types the given ``text`` into the text field identified by ``locator``.</doc>
<msg timestamp="20230816 13:15:32.362" level="INFO">Typing text '117' into text field 'id=txt_SurveyNo'.</msg>
<status status="PASS" starttime="20230816 13:15:32.360" endtime="20230816 13:15:32.496"/>
</kw>
<kw name="Input Text" library="SeleniumLibrary">
<arg>id=txt_SubDivisionNo</arg>
<arg>${robot["Subdivisionnum"]}</arg>
<doc>Types the given ``text`` into the text field identified by ``locator``.</doc>
<msg timestamp="20230816 13:15:32.498" level="INFO">Typing text '' into text field 'id=txt_SubDivisionNo'.</msg>
<status status="PASS" starttime="20230816 13:15:32.496" endtime="20230816 13:15:32.619"/>
</kw>
<kw name="Click Element" library="SeleniumLibrary">
<arg>xpath=//*[@id="btn_AddSurvey"]</arg>
<doc>Click the element identified by ``locator``.</doc>
<msg timestamp="20230816 13:15:32.619" level="INFO">Clicking element 'xpath=//*[@id="btn_AddSurvey"]'.</msg>
<status status="PASS" starttime="20230816 13:15:32.619" endtime="20230816 13:15:32.729"/>
</kw>
<status status="PASS" starttime="20230816 13:15:32.168" endtime="20230816 13:15:32.729"/>
</iter>
<iter>
<var name="${robot}">{'Village': 'Sirukalattur', 'Surveynumber': 118, 'Subdivisionnum': ''}</var>
<kw name="Select From List By Label" library="SeleniumLibrary">
<arg>name=cmb_Village</arg>
<arg>${robot["Village"]}</arg>
<doc>Selects options from selection list ``locator`` by ``labels``.</doc>
<msg timestamp="20230816 13:15:32.730" level="INFO">Selecting options from selection list 'name=cmb_Village' by label Sirukalattur.</msg>
<status status="PASS" starttime="20230816 13:15:32.729" endtime="20230816 13:15:32.924"/>
</kw>
<kw name="Input Text" library="SeleniumLibrary">
<arg>id=txt_SurveyNo</arg>
<arg>${robot["Surveynumber"]}</arg>
<doc>Types the given ``text`` into the text field identified by ``locator``.</doc>
<msg timestamp="20230816 13:15:32.925" level="INFO">Typing text '118' into text field 'id=txt_SurveyNo'.</msg>
<status status="PASS" starttime="20230816 13:15:32.924" endtime="20230816 13:15:33.061"/>
</kw>
<kw name="Input Text" library="SeleniumLibrary">
<arg>id=txt_SubDivisionNo</arg>
<arg>${robot["Subdivisionnum"]}</arg>
<doc>Types the given ``text`` into the text field identified by ``locator``.</doc>
<msg timestamp="20230816 13:15:33.063" level="INFO">Typing text '' into text field 'id=txt_SubDivisionNo'.</msg>
<status status="PASS" starttime="20230816 13:15:33.061" endtime="20230816 13:15:33.182"/>
</kw>
<kw name="Click Element" library="SeleniumLibrary">
<arg>xpath=//*[@id="btn_AddSurvey"]</arg>
<doc>Click the element identified by ``locator``.</doc>
<msg timestamp="20230816 13:15:33.183" level="INFO">Clicking element 'xpath=//*[@id="btn_AddSurvey"]'.</msg>
<status status="PASS" starttime="20230816 13:15:33.182" endtime="20230816 13:15:33.282"/>
</kw>
<status status="PASS" starttime="20230816 13:15:32.729" endtime="20230816 13:15:33.282"/>
</iter>
<iter>
<var name="${robot}">{'Village': 'Sirukalattur', 'Surveynumber': 119, 'Subdivisionnum': ''}</var>
<kw name="Select From List By Label" library="SeleniumLibrary">
<arg>name=cmb_Village</arg>
<arg>${robot["Village"]}</arg>
<doc>Selects options from selection list ``locator`` by ``labels``.</doc>
<msg timestamp="20230816 13:15:33.284" level="INFO">Selecting options from selection list 'name=cmb_Village' by label Sirukalattur.</msg>
<status status="PASS" starttime="20230816 13:15:33.283" endtime="20230816 13:15:33.786"/>
</kw>
<kw name="Input Text" library="SeleniumLibrary">
<arg>id=txt_SurveyNo</arg>
<arg>${robot["Surveynumber"]}</arg>
<doc>Types the given ``text`` into the text field identified by ``locator``.</doc>
<msg timestamp="20230816 13:15:33.789" level="INFO">Typing text '119' into text field 'id=txt_SurveyNo'.</msg>
<status status="PASS" starttime="20230816 13:15:33.787" endtime="20230816 13:15:33.928"/>
</kw>
<kw name="Input Text" library="SeleniumLibrary">
<arg>id=txt_SubDivisionNo</arg>
<arg>${robot["Subdivisionnum"]}</arg>
<doc>Types the given ``text`` into the text field identified by ``locator``.</doc>
<msg timestamp="20230816 13:15:33.929" level="INFO">Typing text '' into text field 'id=txt_SubDivisionNo'.</msg>
<status status="PASS" starttime="20230816 13:15:33.928" endtime="20230816 13:15:34.046"/>
</kw>
<kw name="Click Element" library="SeleniumLibrary">
<arg>xpath=//*[@id="btn_AddSurvey"]</arg>
<doc>Click the element identified by ``locator``.</doc>
<msg timestamp="20230816 13:15:34.048" level="INFO">Clicking element 'xpath=//*[@id="btn_AddSurvey"]'.</msg>
<status status="PASS" starttime="20230816 13:15:34.047" endtime="20230816 13:15:34.149"/>
</kw>
<status status="PASS" starttime="20230816 13:15:33.282" endtime="20230816 13:15:34.149"/>
</iter>
<iter>
<var name="${robot}">{'Village': 'Sirukalattur', 'Surveynumber': 120, 'Subdivisionnum': ''}</var>
<kw name="Select From List By Label" library="SeleniumLibrary">
<arg>name=cmb_Village</arg>
<arg>${robot["Village"]}</arg>
<doc>Selects options from selection list ``locator`` by ``labels``.</doc>
<msg timestamp="20230816 13:15:34.150" level="INFO">Selecting options from selection list 'name=cmb_Village' by label Sirukalattur.</msg>
<status status="PASS" starttime="20230816 13:15:34.149" endtime="20230816 13:15:34.340"/>
</kw>
<kw name="Input Text" library="SeleniumLibrary">
<arg>id=txt_SurveyNo</arg>
<arg>${robot["Surveynumber"]}</arg>
<doc>Types the given ``text`` into the text field identified by ``locator``.</doc>
<msg timestamp="20230816 13:15:34.342" level="INFO">Typing text '120' into text field 'id=txt_SurveyNo'.</msg>
<status status="PASS" starttime="20230816 13:15:34.341" endtime="20230816 13:15:34.470"/>
</kw>
<kw name="Input Text" library="SeleniumLibrary">
<arg>id=txt_SubDivisionNo</arg>
<arg>${robot["Subdivisionnum"]}</arg>
<doc>Types the given ``text`` into the text field identified by ``locator``.</doc>
<msg timestamp="20230816 13:15:34.471" level="INFO">Typing text '' into text field 'id=txt_SubDivisionNo'.</msg>
<status status="PASS" starttime="20230816 13:15:34.470" endtime="20230816 13:15:34.600"/>
</kw>
<kw name="Click Element" library="SeleniumLibrary">
<arg>xpath=//*[@id="btn_AddSurvey"]</arg>
<doc>Click the element identified by ``locator``.</doc>
<msg timestamp="20230816 13:15:34.601" level="INFO">Clicking element 'xpath=//*[@id="btn_AddSurvey"]'.</msg>
<status status="PASS" starttime="20230816 13:15:34.600" endtime="20230816 13:15:34.698"/>
</kw>
<status status="PASS" starttime="20230816 13:15:34.149" endtime="20230816 13:15:34.698"/>
</iter>
<iter>
<var name="${robot}">{'Village': 'Sirukalattur', 'Surveynumber': 121, 'Subdivisionnum': ''}</var>
<kw name="Select From List By Label" library="SeleniumLibrary">
<arg>name=cmb_Village</arg>
<arg>${robot["Village"]}</arg>
<doc>Selects options from selection list ``locator`` by ``labels``.</doc>
<msg timestamp="20230816 13:15:34.699" level="INFO">Selecting options from selection list 'name=cmb_Village' by label Sirukalattur.</msg>
<status status="PASS" starttime="20230816 13:15:34.698" endtime="20230816 13:15:34.897"/>
</kw>
<kw name="Input Text" library="SeleniumLibrary">
<arg>id=txt_SurveyNo</arg>
<arg>${robot["Surveynumber"]}</arg>
<doc>Types the given ``text`` into the text field identified by ``locator``.</doc>
<msg timestamp="20230816 13:15:34.898" level="INFO">Typing text '121' into text field 'id=txt_SurveyNo'.</msg>
<status status="PASS" starttime="20230816 13:15:34.897" endtime="20230816 13:15:35.020"/>
</kw>
<kw name="Input Text" library="SeleniumLibrary">
<arg>id=txt_SubDivisionNo</arg>
<arg>${robot["Subdivisionnum"]}</arg>
<doc>Types the given ``text`` into the text field identified by ``locator``.</doc>
<msg timestamp="20230816 13:15:35.022" level="INFO">Typing text '' into text field 'id=txt_SubDivisionNo'.</msg>
<status status="PASS" starttime="20230816 13:15:35.021" endtime="20230816 13:15:35.135"/>
</kw>
<kw name="Click Element" library="SeleniumLibrary">
<arg>xpath=//*[@id="btn_AddSurvey"]</arg>
<doc>Click the element identified by ``locator``.</doc>
<msg timestamp="20230816 13:15:35.136" level="INFO">Clicking element 'xpath=//*[@id="btn_AddSurvey"]'.</msg>
<status status="PASS" starttime="20230816 13:15:35.136" endtime="20230816 13:15:35.241"/>
</kw>
<status status="PASS" starttime="20230816 13:15:34.698" endtime="20230816 13:15:35.241"/>
</iter>
<iter>
<var name="${robot}">{'Village': 'Sirukalattur', 'Surveynumber': 122, 'Subdivisionnum': ''}</var>
<kw name="Select From List By Label" library="SeleniumLibrary">
<arg>name=cmb_Village</arg>
<arg>${robot["Village"]}</arg>
<doc>Selects options from selection list ``locator`` by ``labels``.</doc>
<msg timestamp="20230816 13:15:35.243" level="INFO">Selecting options from selection list 'name=cmb_Village' by label Sirukalattur.</msg>
<status status="PASS" starttime="20230816 13:15:35.242" endtime="20230816 13:15:35.440"/>
</kw>
<kw name="Input Text" library="SeleniumLibrary">
<arg>id=txt_SurveyNo</arg>
<arg>${robot["Surveynumber"]}</arg>
<doc>Types the given ``text`` into the text field identified by ``locator``.</doc>
<msg timestamp="20230816 13:15:35.442" level="INFO">Typing text '122' into text field 'id=txt_SurveyNo'.</msg>
<status status="PASS" starttime="20230816 13:15:35.440" endtime="20230816 13:15:35.576"/>
</kw>
<kw name="Input Text" library="SeleniumLibrary">
<arg>id=txt_SubDivisionNo</arg>
<arg>${robot["Subdivisionnum"]}</arg>
<doc>Types the given ``text`` into the text field identified by ``locator``.</doc>
<msg timestamp="20230816 13:15:35.577" level="INFO">Typing text '' into text field 'id=txt_SubDivisionNo'.</msg>
<status status="PASS" starttime="20230816 13:15:35.576" endtime="20230816 13:15:35.691"/>
</kw>
<kw name="Click Element" library="SeleniumLibrary">
<arg>xpath=//*[@id="btn_AddSurvey"]</arg>
<doc>Click the element identified by ``locator``.</doc>
<msg timestamp="20230816 13:15:35.692" level="INFO">Clicking element 'xpath=//*[@id="btn_AddSurvey"]'.</msg>
<status status="PASS" starttime="20230816 13:15:35.691" endtime="20230816 13:15:35.793"/>
</kw>
<status status="PASS" starttime="20230816 13:15:35.241" endtime="20230816 13:15:35.793"/>
</iter>
<iter>
<var name="${robot}">{'Village': 'Sirukalattur', 'Surveynumber': 123, 'Subdivisionnum': ''}</var>
<kw name="Select From List By Label" library="SeleniumLibrary">
<arg>name=cmb_Village</arg>
<arg>${robot["Village"]}</arg>
<doc>Selects options from selection list ``locator`` by ``labels``.</doc>
<msg timestamp="20230816 13:15:35.795" level="INFO">Selecting options from selection list 'name=cmb_Village' by label Sirukalattur.</msg>
<status status="PASS" starttime="20230816 13:15:35.793" endtime="20230816 13:15:35.984"/>
</kw>
<kw name="Input Text" library="SeleniumLibrary">
<arg>id=txt_SurveyNo</arg>
<arg>${robot["Surveynumber"]}</arg>
<doc>Types the given ``text`` into the text field identified by ``locator``.</doc>
<msg timestamp="20230816 13:15:35.986" level="INFO">Typing text '123' into text field 'id=txt_SurveyNo'.</msg>
<status status="PASS" starttime="20230816 13:15:35.984" endtime="20230816 13:15:36.125"/>
</kw>
<kw name="Input Text" library="SeleniumLibrary">
<arg>id=txt_SubDivisionNo</arg>
<arg>${robot["Subdivisionnum"]}</arg>
<doc>Types the given ``text`` into the text field identified by ``locator``.</doc>
<msg timestamp="20230816 13:15:36.127" level="INFO">Typing text '' into text field 'id=txt_SubDivisionNo'.</msg>
<status status="PASS" starttime="20230816 13:15:36.126" endtime="20230816 13:15:36.246"/>
</kw>
<kw name="Click Element" library="SeleniumLibrary">
<arg>xpath=//*[@id="btn_AddSurvey"]</arg>
<doc>Click the element identified by ``locator``.</doc>
<msg timestamp="20230816 13:15:36.247" level="INFO">Clicking element 'xpath=//*[@id="btn_AddSurvey"]'.</msg>
<status status="PASS" starttime="20230816 13:15:36.246" endtime="20230816 13:15:36.351"/>
</kw>
<status status="PASS" starttime="20230816 13:15:35.793" endtime="20230816 13:15:36.351"/>
</iter>
<iter>
<var name="${robot}">{'Village': 'Sirukalattur', 'Surveynumber': 124, 'Subdivisionnum': ''}</var>
<kw name="Select From List By Label" library="SeleniumLibrary">
<arg>name=cmb_Village</arg>
<arg>${robot["Village"]}</arg>
<doc>Selects options from selection list ``locator`` by ``labels``.</doc>
<msg timestamp="20230816 13:15:36.352" level="INFO">Selecting options from selection list 'name=cmb_Village' by label Sirukalattur.</msg>
<status status="PASS" starttime="20230816 13:15:36.351" endtime="20230816 13:15:36.556"/>
</kw>
<kw name="Input Text" library="SeleniumLibrary">
<arg>id=txt_SurveyNo</arg>
<arg>${robot["Surveynumber"]}</arg>
<doc>Types the given ``text`` into the text field identified by ``locator``.</doc>
<msg timestamp="20230816 13:15:36.558" level="INFO">Typing text '124' into text field 'id=txt_SurveyNo'.</msg>
<status status="PASS" starttime="20230816 13:15:36.556" endtime="20230816 13:15:36.697"/>
</kw>
<kw name="Input Text" library="SeleniumLibrary">
<arg>id=txt_SubDivisionNo</arg>
<arg>${robot["Subdivisionnum"]}</arg>
<doc>Types the given ``text`` into the text field identified by ``locator``.</doc>
<msg timestamp="20230816 13:15:36.699" level="INFO">Typing text '' into text field 'id=txt_SubDivisionNo'.</msg>
<status status="PASS" starttime="20230816 13:15:36.698" endtime="20230816 13:15:36.814"/>
</kw>
<kw name="Click Element" library="SeleniumLibrary">
<arg>xpath=//*[@id="btn_AddSurvey"]</arg>
<doc>Click the element identified by ``locator``.</doc>
<msg timestamp="20230816 13:15:36.815" level="INFO">Clicking element 'xpath=//*[@id="btn_AddSurvey"]'.</msg>
<status status="PASS" starttime="20230816 13:15:36.815" endtime="20230816 13:15:36.927"/>
</kw>
<status status="PASS" starttime="20230816 13:15:36.351" endtime="20230816 13:15:36.927"/>
</iter>
<status status="PASS" starttime="20230816 13:14:28.279" endtime="20230816 13:15:36.927"/>
</for>
<kw name="Mouse Over" library="SeleniumLibrary">
<arg>xpath=//*[@id="incCaptcha"]</arg>
<doc>Simulates hovering the mouse over the element ``locator``.</doc>
<msg timestamp="20230816 13:15:36.929" level="INFO">Simulating Mouse Over on element 'xpath=//*[@id="incCaptcha"]'.</msg>
<status status="PASS" starttime="20230816 13:15:36.927" endtime="20230816 13:15:37.303"/>
</kw>
<kw name="Sleep" library="BuiltIn">
<arg>5s</arg>
<doc>Pauses the test executed for the given time.</doc>
<msg timestamp="20230816 13:15:42.308" level="INFO">Slept 5 seconds</msg>
<status status="PASS" starttime="20230816 13:15:37.303" endtime="20230816 13:15:42.308"/>
</kw>
<kw name="Mouse Over" library="SeleniumLibrary">
<arg>xpath=//*[@id="btn_SearchDoc"]</arg>
<doc>Simulates hovering the mouse over the element ``locator``.</doc>
<msg timestamp="20230816 13:15:42.308" level="INFO">Simulating Mouse Over on element 'xpath=//*[@id="btn_SearchDoc"]'.</msg>
<status status="PASS" starttime="20230816 13:15:42.308" endtime="20230816 13:15:42.605"/>
</kw>
<kw name="Log To Console" library="BuiltIn">
<arg>Survey Details added successfully</arg>
<doc>Logs the given message to the console.</doc>
<status status="PASS" starttime="20230816 13:15:42.605" endtime="20230816 13:15:42.606"/>
</kw>
<status status="PASS" starttime="20230816 13:14:28.110" endtime="20230816 13:15:42.606"/>
</kw>
<status status="PASS" starttime="20230816 13:14:26.849" endtime="20230816 13:15:42.606"/>
</kw>
<doc>Test3</doc>
<tag>smoke</tag>
<status status="PASS" starttime="20230816 13:14:26.849" endtime="20230816 13:15:42.607"/>
</test>
<status status="PASS" starttime="20230816 13:14:10.392" endtime="20230816 13:15:42.608"/>
</suite>
<statistics>
<total>
<stat pass="3" fail="0" skip="0">All Tests</stat>
</total>
<tag>
<stat pass="3" fail="0" skip="0">smoke</stat>
</tag>
<suite>
<stat pass="3" fail="0" skip="0" id="s1" name="Registration">Registration</stat>
</suite>
</statistics>
<errors>
</errors>
</robot>
